[INF:CM0023] Creating log file ./slpp_all/surelog.log.

[INF:CP0300] Compilation...

[INF:CP0303] /home/prashant/Zero-ASIC/Adders/KoggeStoneAdder.v:95:1: Compile module "work@Adder16Bit".

[INF:CP0303] /home/prashant/Zero-ASIC/Adders/KoggeStoneAdder.v:154:1: Compile module "work@Adder32Bit".

[INF:CP0303] /home/prashant/Zero-ASIC/Adders/KoggeStoneAdder.v:40:1: Compile module "work@Adder8Bit".

[INF:CP0303] /home/prashant/Zero-ASIC/Adders/KoggeStoneAdder.v:26:1: Compile module "work@BlackCell".

[INF:CP0303] /home/prashant/Zero-ASIC/Adders/KoggeStoneAdder.v:15:1: Compile module "work@GrayCell".

[INF:CP0303] /home/prashant/Zero-ASIC/Adders/KoggeStoneAdder.v:217:1: Compile module "work@KoggeStoneAdder".

[INF:CP0303] /home/prashant/Zero-ASIC/Adders/KoggeStoneAdder.v:3:1: Compile module "work@PreProcessingGP".

[INF:CP0302] Compile class "work@mailbox".

[INF:CP0302] Compile class "work@process".

[INF:CP0302] Compile class "work@semaphore".

[NTE:CP0309] /home/prashant/Zero-ASIC/Adders/KoggeStoneAdder.v:99:26: Implicit port type (wire) for "Cout",
there are 2 more instances of this message.

[NTE:CP0309] /home/prashant/Zero-ASIC/Adders/KoggeStoneAdder.v:158:26: Implicit port type (wire) for "Cout",
there are 2 more instances of this message.

[NTE:CP0309] /home/prashant/Zero-ASIC/Adders/KoggeStoneAdder.v:44:25: Implicit port type (wire) for "Cout",
there are 2 more instances of this message.

[NTE:CP0309] /home/prashant/Zero-ASIC/Adders/KoggeStoneAdder.v:31:26: Implicit port type (wire) for "Gij",
there are 1 more instances of this message.

[NTE:CP0309] /home/prashant/Zero-ASIC/Adders/KoggeStoneAdder.v:19:26: Implicit port type (wire) for "Gij".

[NTE:CP0309] /home/prashant/Zero-ASIC/Adders/KoggeStoneAdder.v:221:29: Implicit port type (wire) for "Cout",
there are 2 more instances of this message.

[NTE:CP0309] /home/prashant/Zero-ASIC/Adders/KoggeStoneAdder.v:6:12: Implicit port type (wire) for "G",
there are 1 more instances of this message.

[INF:EL0526] Design Elaboration...

[INF:CP0335] /home/prashant/Zero-ASIC/Adders/KoggeStoneAdder.v:237:8: Compile generate block "work@KoggeStoneAdder.GeneratePropagate[0]".

[INF:CP0335] /home/prashant/Zero-ASIC/Adders/KoggeStoneAdder.v:237:8: Compile generate block "work@KoggeStoneAdder.GeneratePropagate[1]".

[INF:CP0335] /home/prashant/Zero-ASIC/Adders/KoggeStoneAdder.v:237:8: Compile generate block "work@KoggeStoneAdder.GeneratePropagate[2]".

[INF:CP0335] /home/prashant/Zero-ASIC/Adders/KoggeStoneAdder.v:237:8: Compile generate block "work@KoggeStoneAdder.GeneratePropagate[3]".

[INF:CP0335] /home/prashant/Zero-ASIC/Adders/KoggeStoneAdder.v:237:8: Compile generate block "work@KoggeStoneAdder.GeneratePropagate[4]".

[INF:CP0335] /home/prashant/Zero-ASIC/Adders/KoggeStoneAdder.v:237:8: Compile generate block "work@KoggeStoneAdder.GeneratePropagate[5]".

[INF:CP0335] /home/prashant/Zero-ASIC/Adders/KoggeStoneAdder.v:237:8: Compile generate block "work@KoggeStoneAdder.GeneratePropagate[6]".

[INF:CP0335] /home/prashant/Zero-ASIC/Adders/KoggeStoneAdder.v:237:8: Compile generate block "work@KoggeStoneAdder.GeneratePropagate[7]".

[INF:CP0335] /home/prashant/Zero-ASIC/Adders/KoggeStoneAdder.v:237:8: Compile generate block "work@KoggeStoneAdder.GeneratePropagate[8]".

[INF:CP0335] /home/prashant/Zero-ASIC/Adders/KoggeStoneAdder.v:237:8: Compile generate block "work@KoggeStoneAdder.GeneratePropagate[9]".

[INF:CP0335] /home/prashant/Zero-ASIC/Adders/KoggeStoneAdder.v:237:8: Compile generate block "work@KoggeStoneAdder.GeneratePropagate[10]".

[INF:CP0335] /home/prashant/Zero-ASIC/Adders/KoggeStoneAdder.v:237:8: Compile generate block "work@KoggeStoneAdder.GeneratePropagate[11]".

[INF:CP0335] /home/prashant/Zero-ASIC/Adders/KoggeStoneAdder.v:237:8: Compile generate block "work@KoggeStoneAdder.GeneratePropagate[12]".

[INF:CP0335] /home/prashant/Zero-ASIC/Adders/KoggeStoneAdder.v:237:8: Compile generate block "work@KoggeStoneAdder.GeneratePropagate[13]".

[INF:CP0335] /home/prashant/Zero-ASIC/Adders/KoggeStoneAdder.v:237:8: Compile generate block "work@KoggeStoneAdder.GeneratePropagate[14]".

[INF:CP0335] /home/prashant/Zero-ASIC/Adders/KoggeStoneAdder.v:237:8: Compile generate block "work@KoggeStoneAdder.GeneratePropagate[15]".

[INF:CP0335] /home/prashant/Zero-ASIC/Adders/KoggeStoneAdder.v:237:8: Compile generate block "work@KoggeStoneAdder.GeneratePropagate[16]".

[INF:CP0335] /home/prashant/Zero-ASIC/Adders/KoggeStoneAdder.v:237:8: Compile generate block "work@KoggeStoneAdder.GeneratePropagate[17]".

[INF:CP0335] /home/prashant/Zero-ASIC/Adders/KoggeStoneAdder.v:237:8: Compile generate block "work@KoggeStoneAdder.GeneratePropagate[18]".

[INF:CP0335] /home/prashant/Zero-ASIC/Adders/KoggeStoneAdder.v:237:8: Compile generate block "work@KoggeStoneAdder.GeneratePropagate[19]".

[INF:CP0335] /home/prashant/Zero-ASIC/Adders/KoggeStoneAdder.v:237:8: Compile generate block "work@KoggeStoneAdder.GeneratePropagate[20]".

[INF:CP0335] /home/prashant/Zero-ASIC/Adders/KoggeStoneAdder.v:237:8: Compile generate block "work@KoggeStoneAdder.GeneratePropagate[21]".

[INF:CP0335] /home/prashant/Zero-ASIC/Adders/KoggeStoneAdder.v:237:8: Compile generate block "work@KoggeStoneAdder.GeneratePropagate[22]".

[INF:CP0335] /home/prashant/Zero-ASIC/Adders/KoggeStoneAdder.v:237:8: Compile generate block "work@KoggeStoneAdder.GeneratePropagate[23]".

[INF:CP0335] /home/prashant/Zero-ASIC/Adders/KoggeStoneAdder.v:237:8: Compile generate block "work@KoggeStoneAdder.GeneratePropagate[24]".

[INF:CP0335] /home/prashant/Zero-ASIC/Adders/KoggeStoneAdder.v:237:8: Compile generate block "work@KoggeStoneAdder.GeneratePropagate[25]".

[INF:CP0335] /home/prashant/Zero-ASIC/Adders/KoggeStoneAdder.v:237:8: Compile generate block "work@KoggeStoneAdder.GeneratePropagate[26]".

[INF:CP0335] /home/prashant/Zero-ASIC/Adders/KoggeStoneAdder.v:237:8: Compile generate block "work@KoggeStoneAdder.GeneratePropagate[27]".

[INF:CP0335] /home/prashant/Zero-ASIC/Adders/KoggeStoneAdder.v:237:8: Compile generate block "work@KoggeStoneAdder.GeneratePropagate[28]".

[INF:CP0335] /home/prashant/Zero-ASIC/Adders/KoggeStoneAdder.v:237:8: Compile generate block "work@KoggeStoneAdder.GeneratePropagate[29]".

[INF:CP0335] /home/prashant/Zero-ASIC/Adders/KoggeStoneAdder.v:237:8: Compile generate block "work@KoggeStoneAdder.GeneratePropagate[30]".

[INF:CP0335] /home/prashant/Zero-ASIC/Adders/KoggeStoneAdder.v:237:8: Compile generate block "work@KoggeStoneAdder.GeneratePropagate[31]".

[INF:CP0335] /home/prashant/Zero-ASIC/Adders/KoggeStoneAdder.v:237:8: Compile generate block "work@KoggeStoneAdder.GeneratePropagate[32]".

[INF:CP0335] /home/prashant/Zero-ASIC/Adders/KoggeStoneAdder.v:237:8: Compile generate block "work@KoggeStoneAdder.GeneratePropagate[33]".

[INF:CP0335] /home/prashant/Zero-ASIC/Adders/KoggeStoneAdder.v:237:8: Compile generate block "work@KoggeStoneAdder.GeneratePropagate[34]".

[INF:CP0335] /home/prashant/Zero-ASIC/Adders/KoggeStoneAdder.v:237:8: Compile generate block "work@KoggeStoneAdder.GeneratePropagate[35]".

[INF:CP0335] /home/prashant/Zero-ASIC/Adders/KoggeStoneAdder.v:237:8: Compile generate block "work@KoggeStoneAdder.GeneratePropagate[36]".

[INF:CP0335] /home/prashant/Zero-ASIC/Adders/KoggeStoneAdder.v:237:8: Compile generate block "work@KoggeStoneAdder.GeneratePropagate[37]".

[INF:CP0335] /home/prashant/Zero-ASIC/Adders/KoggeStoneAdder.v:237:8: Compile generate block "work@KoggeStoneAdder.GeneratePropagate[38]".

[INF:CP0335] /home/prashant/Zero-ASIC/Adders/KoggeStoneAdder.v:237:8: Compile generate block "work@KoggeStoneAdder.GeneratePropagate[39]".

[INF:CP0335] /home/prashant/Zero-ASIC/Adders/KoggeStoneAdder.v:237:8: Compile generate block "work@KoggeStoneAdder.GeneratePropagate[40]".

[INF:CP0335] /home/prashant/Zero-ASIC/Adders/KoggeStoneAdder.v:237:8: Compile generate block "work@KoggeStoneAdder.GeneratePropagate[41]".

[INF:CP0335] /home/prashant/Zero-ASIC/Adders/KoggeStoneAdder.v:237:8: Compile generate block "work@KoggeStoneAdder.GeneratePropagate[42]".

[INF:CP0335] /home/prashant/Zero-ASIC/Adders/KoggeStoneAdder.v:237:8: Compile generate block "work@KoggeStoneAdder.GeneratePropagate[43]".

[INF:CP0335] /home/prashant/Zero-ASIC/Adders/KoggeStoneAdder.v:237:8: Compile generate block "work@KoggeStoneAdder.GeneratePropagate[44]".

[INF:CP0335] /home/prashant/Zero-ASIC/Adders/KoggeStoneAdder.v:237:8: Compile generate block "work@KoggeStoneAdder.GeneratePropagate[45]".

[INF:CP0335] /home/prashant/Zero-ASIC/Adders/KoggeStoneAdder.v:237:8: Compile generate block "work@KoggeStoneAdder.GeneratePropagate[46]".

[INF:CP0335] /home/prashant/Zero-ASIC/Adders/KoggeStoneAdder.v:237:8: Compile generate block "work@KoggeStoneAdder.GeneratePropagate[47]".

[INF:CP0335] /home/prashant/Zero-ASIC/Adders/KoggeStoneAdder.v:237:8: Compile generate block "work@KoggeStoneAdder.GeneratePropagate[48]".

[INF:CP0335] /home/prashant/Zero-ASIC/Adders/KoggeStoneAdder.v:237:8: Compile generate block "work@KoggeStoneAdder.GeneratePropagate[49]".

[INF:CP0335] /home/prashant/Zero-ASIC/Adders/KoggeStoneAdder.v:237:8: Compile generate block "work@KoggeStoneAdder.GeneratePropagate[50]".

[INF:CP0335] /home/prashant/Zero-ASIC/Adders/KoggeStoneAdder.v:237:8: Compile generate block "work@KoggeStoneAdder.GeneratePropagate[51]".

[INF:CP0335] /home/prashant/Zero-ASIC/Adders/KoggeStoneAdder.v:237:8: Compile generate block "work@KoggeStoneAdder.GeneratePropagate[52]".

[INF:CP0335] /home/prashant/Zero-ASIC/Adders/KoggeStoneAdder.v:237:8: Compile generate block "work@KoggeStoneAdder.GeneratePropagate[53]".

[INF:CP0335] /home/prashant/Zero-ASIC/Adders/KoggeStoneAdder.v:237:8: Compile generate block "work@KoggeStoneAdder.GeneratePropagate[54]".

[INF:CP0335] /home/prashant/Zero-ASIC/Adders/KoggeStoneAdder.v:237:8: Compile generate block "work@KoggeStoneAdder.GeneratePropagate[55]".

[INF:CP0335] /home/prashant/Zero-ASIC/Adders/KoggeStoneAdder.v:237:8: Compile generate block "work@KoggeStoneAdder.GeneratePropagate[56]".

[INF:CP0335] /home/prashant/Zero-ASIC/Adders/KoggeStoneAdder.v:237:8: Compile generate block "work@KoggeStoneAdder.GeneratePropagate[57]".

[INF:CP0335] /home/prashant/Zero-ASIC/Adders/KoggeStoneAdder.v:237:8: Compile generate block "work@KoggeStoneAdder.GeneratePropagate[58]".

[INF:CP0335] /home/prashant/Zero-ASIC/Adders/KoggeStoneAdder.v:237:8: Compile generate block "work@KoggeStoneAdder.GeneratePropagate[59]".

[INF:CP0335] /home/prashant/Zero-ASIC/Adders/KoggeStoneAdder.v:237:8: Compile generate block "work@KoggeStoneAdder.GeneratePropagate[60]".

[INF:CP0335] /home/prashant/Zero-ASIC/Adders/KoggeStoneAdder.v:237:8: Compile generate block "work@KoggeStoneAdder.GeneratePropagate[61]".

[INF:CP0335] /home/prashant/Zero-ASIC/Adders/KoggeStoneAdder.v:237:8: Compile generate block "work@KoggeStoneAdder.GeneratePropagate[62]".

[INF:CP0335] /home/prashant/Zero-ASIC/Adders/KoggeStoneAdder.v:237:8: Compile generate block "work@KoggeStoneAdder.GeneratePropagate[63]".

[INF:CP0335] /home/prashant/Zero-ASIC/Adders/KoggeStoneAdder.v:245:9: Compile generate block "work@KoggeStoneAdder.CarryLookahead[0]".

[INF:CP0335] /home/prashant/Zero-ASIC/Adders/KoggeStoneAdder.v:247:16: Compile generate block "work@KoggeStoneAdder.CarryLookahead[0].genblk1".

[INF:CP0335] /home/prashant/Zero-ASIC/Adders/KoggeStoneAdder.v:245:9: Compile generate block "work@KoggeStoneAdder.CarryLookahead[1]".

[INF:CP0335] /home/prashant/Zero-ASIC/Adders/KoggeStoneAdder.v:252:21: Compile generate block "work@KoggeStoneAdder.CarryLookahead[1].genblk1".

[INF:CP0335] /home/prashant/Zero-ASIC/Adders/KoggeStoneAdder.v:245:9: Compile generate block "work@KoggeStoneAdder.CarryLookahead[2]".

[INF:CP0335] /home/prashant/Zero-ASIC/Adders/KoggeStoneAdder.v:252:21: Compile generate block "work@KoggeStoneAdder.CarryLookahead[2].genblk1".

[INF:CP0335] /home/prashant/Zero-ASIC/Adders/KoggeStoneAdder.v:245:9: Compile generate block "work@KoggeStoneAdder.CarryLookahead[3]".

[INF:CP0335] /home/prashant/Zero-ASIC/Adders/KoggeStoneAdder.v:252:21: Compile generate block "work@KoggeStoneAdder.CarryLookahead[3].genblk1".

[INF:CP0335] /home/prashant/Zero-ASIC/Adders/KoggeStoneAdder.v:245:9: Compile generate block "work@KoggeStoneAdder.CarryLookahead[4]".

[INF:CP0335] /home/prashant/Zero-ASIC/Adders/KoggeStoneAdder.v:252:21: Compile generate block "work@KoggeStoneAdder.CarryLookahead[4].genblk1".

[INF:CP0335] /home/prashant/Zero-ASIC/Adders/KoggeStoneAdder.v:245:9: Compile generate block "work@KoggeStoneAdder.CarryLookahead[5]".

[INF:CP0335] /home/prashant/Zero-ASIC/Adders/KoggeStoneAdder.v:252:21: Compile generate block "work@KoggeStoneAdder.CarryLookahead[5].genblk1".

[INF:CP0335] /home/prashant/Zero-ASIC/Adders/KoggeStoneAdder.v:269:8: Compile generate block "work@KoggeStoneAdder.Revert[0]".

[INF:CP0335] /home/prashant/Zero-ASIC/Adders/KoggeStoneAdder.v:269:8: Compile generate block "work@KoggeStoneAdder.Revert[1]".

[INF:CP0335] /home/prashant/Zero-ASIC/Adders/KoggeStoneAdder.v:269:8: Compile generate block "work@KoggeStoneAdder.Revert[2]".

[INF:CP0335] /home/prashant/Zero-ASIC/Adders/KoggeStoneAdder.v:269:8: Compile generate block "work@KoggeStoneAdder.Revert[3]".

[INF:CP0335] /home/prashant/Zero-ASIC/Adders/KoggeStoneAdder.v:269:8: Compile generate block "work@KoggeStoneAdder.Revert[4]".

[INF:CP0335] /home/prashant/Zero-ASIC/Adders/KoggeStoneAdder.v:269:8: Compile generate block "work@KoggeStoneAdder.Revert[5]".

[INF:CP0335] /home/prashant/Zero-ASIC/Adders/KoggeStoneAdder.v:269:8: Compile generate block "work@KoggeStoneAdder.Revert[6]".

[INF:CP0335] /home/prashant/Zero-ASIC/Adders/KoggeStoneAdder.v:269:8: Compile generate block "work@KoggeStoneAdder.Revert[7]".

[INF:CP0335] /home/prashant/Zero-ASIC/Adders/KoggeStoneAdder.v:269:8: Compile generate block "work@KoggeStoneAdder.Revert[8]".

[INF:CP0335] /home/prashant/Zero-ASIC/Adders/KoggeStoneAdder.v:269:8: Compile generate block "work@KoggeStoneAdder.Revert[9]".

[INF:CP0335] /home/prashant/Zero-ASIC/Adders/KoggeStoneAdder.v:269:8: Compile generate block "work@KoggeStoneAdder.Revert[10]".

[INF:CP0335] /home/prashant/Zero-ASIC/Adders/KoggeStoneAdder.v:269:8: Compile generate block "work@KoggeStoneAdder.Revert[11]".

[INF:CP0335] /home/prashant/Zero-ASIC/Adders/KoggeStoneAdder.v:269:8: Compile generate block "work@KoggeStoneAdder.Revert[12]".

[INF:CP0335] /home/prashant/Zero-ASIC/Adders/KoggeStoneAdder.v:269:8: Compile generate block "work@KoggeStoneAdder.Revert[13]".

[INF:CP0335] /home/prashant/Zero-ASIC/Adders/KoggeStoneAdder.v:269:8: Compile generate block "work@KoggeStoneAdder.Revert[14]".

[INF:CP0335] /home/prashant/Zero-ASIC/Adders/KoggeStoneAdder.v:269:8: Compile generate block "work@KoggeStoneAdder.Revert[15]".

[INF:CP0335] /home/prashant/Zero-ASIC/Adders/KoggeStoneAdder.v:269:8: Compile generate block "work@KoggeStoneAdder.Revert[16]".

[INF:CP0335] /home/prashant/Zero-ASIC/Adders/KoggeStoneAdder.v:269:8: Compile generate block "work@KoggeStoneAdder.Revert[17]".

[INF:CP0335] /home/prashant/Zero-ASIC/Adders/KoggeStoneAdder.v:269:8: Compile generate block "work@KoggeStoneAdder.Revert[18]".

[INF:CP0335] /home/prashant/Zero-ASIC/Adders/KoggeStoneAdder.v:269:8: Compile generate block "work@KoggeStoneAdder.Revert[19]".

[INF:CP0335] /home/prashant/Zero-ASIC/Adders/KoggeStoneAdder.v:269:8: Compile generate block "work@KoggeStoneAdder.Revert[20]".

[INF:CP0335] /home/prashant/Zero-ASIC/Adders/KoggeStoneAdder.v:269:8: Compile generate block "work@KoggeStoneAdder.Revert[21]".

[INF:CP0335] /home/prashant/Zero-ASIC/Adders/KoggeStoneAdder.v:269:8: Compile generate block "work@KoggeStoneAdder.Revert[22]".

[INF:CP0335] /home/prashant/Zero-ASIC/Adders/KoggeStoneAdder.v:269:8: Compile generate block "work@KoggeStoneAdder.Revert[23]".

[INF:CP0335] /home/prashant/Zero-ASIC/Adders/KoggeStoneAdder.v:269:8: Compile generate block "work@KoggeStoneAdder.Revert[24]".

[INF:CP0335] /home/prashant/Zero-ASIC/Adders/KoggeStoneAdder.v:269:8: Compile generate block "work@KoggeStoneAdder.Revert[25]".

[INF:CP0335] /home/prashant/Zero-ASIC/Adders/KoggeStoneAdder.v:269:8: Compile generate block "work@KoggeStoneAdder.Revert[26]".

[INF:CP0335] /home/prashant/Zero-ASIC/Adders/KoggeStoneAdder.v:269:8: Compile generate block "work@KoggeStoneAdder.Revert[27]".

[INF:CP0335] /home/prashant/Zero-ASIC/Adders/KoggeStoneAdder.v:269:8: Compile generate block "work@KoggeStoneAdder.Revert[28]".

[INF:CP0335] /home/prashant/Zero-ASIC/Adders/KoggeStoneAdder.v:269:8: Compile generate block "work@KoggeStoneAdder.Revert[29]".

[INF:CP0335] /home/prashant/Zero-ASIC/Adders/KoggeStoneAdder.v:269:8: Compile generate block "work@KoggeStoneAdder.Revert[30]".

[INF:CP0335] /home/prashant/Zero-ASIC/Adders/KoggeStoneAdder.v:269:8: Compile generate block "work@KoggeStoneAdder.Revert[31]".

[INF:CP0335] /home/prashant/Zero-ASIC/Adders/KoggeStoneAdder.v:269:8: Compile generate block "work@KoggeStoneAdder.Revert[32]".

[INF:CP0335] /home/prashant/Zero-ASIC/Adders/KoggeStoneAdder.v:269:8: Compile generate block "work@KoggeStoneAdder.Revert[33]".

[INF:CP0335] /home/prashant/Zero-ASIC/Adders/KoggeStoneAdder.v:269:8: Compile generate block "work@KoggeStoneAdder.Revert[34]".

[INF:CP0335] /home/prashant/Zero-ASIC/Adders/KoggeStoneAdder.v:269:8: Compile generate block "work@KoggeStoneAdder.Revert[35]".

[INF:CP0335] /home/prashant/Zero-ASIC/Adders/KoggeStoneAdder.v:269:8: Compile generate block "work@KoggeStoneAdder.Revert[36]".

[INF:CP0335] /home/prashant/Zero-ASIC/Adders/KoggeStoneAdder.v:269:8: Compile generate block "work@KoggeStoneAdder.Revert[37]".

[INF:CP0335] /home/prashant/Zero-ASIC/Adders/KoggeStoneAdder.v:269:8: Compile generate block "work@KoggeStoneAdder.Revert[38]".

[INF:CP0335] /home/prashant/Zero-ASIC/Adders/KoggeStoneAdder.v:269:8: Compile generate block "work@KoggeStoneAdder.Revert[39]".

[INF:CP0335] /home/prashant/Zero-ASIC/Adders/KoggeStoneAdder.v:269:8: Compile generate block "work@KoggeStoneAdder.Revert[40]".

[INF:CP0335] /home/prashant/Zero-ASIC/Adders/KoggeStoneAdder.v:269:8: Compile generate block "work@KoggeStoneAdder.Revert[41]".

[INF:CP0335] /home/prashant/Zero-ASIC/Adders/KoggeStoneAdder.v:269:8: Compile generate block "work@KoggeStoneAdder.Revert[42]".

[INF:CP0335] /home/prashant/Zero-ASIC/Adders/KoggeStoneAdder.v:269:8: Compile generate block "work@KoggeStoneAdder.Revert[43]".

[INF:CP0335] /home/prashant/Zero-ASIC/Adders/KoggeStoneAdder.v:269:8: Compile generate block "work@KoggeStoneAdder.Revert[44]".

[INF:CP0335] /home/prashant/Zero-ASIC/Adders/KoggeStoneAdder.v:269:8: Compile generate block "work@KoggeStoneAdder.Revert[45]".

[INF:CP0335] /home/prashant/Zero-ASIC/Adders/KoggeStoneAdder.v:269:8: Compile generate block "work@KoggeStoneAdder.Revert[46]".

[INF:CP0335] /home/prashant/Zero-ASIC/Adders/KoggeStoneAdder.v:269:8: Compile generate block "work@KoggeStoneAdder.Revert[47]".

[INF:CP0335] /home/prashant/Zero-ASIC/Adders/KoggeStoneAdder.v:269:8: Compile generate block "work@KoggeStoneAdder.Revert[48]".

[INF:CP0335] /home/prashant/Zero-ASIC/Adders/KoggeStoneAdder.v:269:8: Compile generate block "work@KoggeStoneAdder.Revert[49]".

[INF:CP0335] /home/prashant/Zero-ASIC/Adders/KoggeStoneAdder.v:269:8: Compile generate block "work@KoggeStoneAdder.Revert[50]".

[INF:CP0335] /home/prashant/Zero-ASIC/Adders/KoggeStoneAdder.v:269:8: Compile generate block "work@KoggeStoneAdder.Revert[51]".

[INF:CP0335] /home/prashant/Zero-ASIC/Adders/KoggeStoneAdder.v:269:8: Compile generate block "work@KoggeStoneAdder.Revert[52]".

[INF:CP0335] /home/prashant/Zero-ASIC/Adders/KoggeStoneAdder.v:269:8: Compile generate block "work@KoggeStoneAdder.Revert[53]".

[INF:CP0335] /home/prashant/Zero-ASIC/Adders/KoggeStoneAdder.v:269:8: Compile generate block "work@KoggeStoneAdder.Revert[54]".

[INF:CP0335] /home/prashant/Zero-ASIC/Adders/KoggeStoneAdder.v:269:8: Compile generate block "work@KoggeStoneAdder.Revert[55]".

[INF:CP0335] /home/prashant/Zero-ASIC/Adders/KoggeStoneAdder.v:269:8: Compile generate block "work@KoggeStoneAdder.Revert[56]".

[INF:CP0335] /home/prashant/Zero-ASIC/Adders/KoggeStoneAdder.v:269:8: Compile generate block "work@KoggeStoneAdder.Revert[57]".

[INF:CP0335] /home/prashant/Zero-ASIC/Adders/KoggeStoneAdder.v:269:8: Compile generate block "work@KoggeStoneAdder.Revert[58]".

[INF:CP0335] /home/prashant/Zero-ASIC/Adders/KoggeStoneAdder.v:269:8: Compile generate block "work@KoggeStoneAdder.Revert[59]".

[INF:CP0335] /home/prashant/Zero-ASIC/Adders/KoggeStoneAdder.v:269:8: Compile generate block "work@KoggeStoneAdder.Revert[60]".

[INF:CP0335] /home/prashant/Zero-ASIC/Adders/KoggeStoneAdder.v:269:8: Compile generate block "work@KoggeStoneAdder.Revert[61]".

[INF:CP0335] /home/prashant/Zero-ASIC/Adders/KoggeStoneAdder.v:269:8: Compile generate block "work@KoggeStoneAdder.Revert[62]".

[INF:CP0335] /home/prashant/Zero-ASIC/Adders/KoggeStoneAdder.v:269:8: Compile generate block "work@KoggeStoneAdder.Revert[63]".

[NTE:EL0503] /home/prashant/Zero-ASIC/Adders/KoggeStoneAdder.v:217:1: Top level module "work@KoggeStoneAdder".

[NTE:EL0508] Nb Top level modules: 1.

[NTE:EL0509] Max instance depth: 3.

[NTE:EL0510] Nb instances: 78.

[NTE:EL0511] Nb leaf instances: 77.

[INF:UH0706] Creating UHDM Model...

[  FATAL] : 0
[ SYNTAX] : 0
[  ERROR] : 0
[WARNING] : 0
[   NOTE] : 12
