OpenROAD v2.0-7072-g6de104daf 
This program is licensed under the BSD-3 license. See the LICENSE file for details.
Components of this program may be licensed under more restrictive licenses which must be honored.
Reading liberty file for fast: /home/ubuntu/siliconcompiler/third_party/pdks/skywater/skywater130/libs/sky130hd/v0_0_2/lib/sky130_fd_sc_hd__ff_100C_1v95.lib.gz
Reading liberty file for slow: /home/ubuntu/siliconcompiler/third_party/pdks/skywater/skywater130/libs/sky130hd/v0_0_2/lib/sky130_fd_sc_hd__ss_n40C_1v40.lib.gz
Reading liberty file for typical: /home/ubuntu/siliconcompiler/third_party/pdks/skywater/skywater130/libs/sky130hd/v0_0_2/lib/sky130_fd_sc_hd__tt_025C_1v80.lib.gz
Reading ODB: inputs/KoggeStoneAdder.odb
Reading SDC: inputs/KoggeStoneAdder.sdc
[WARNING FLW-0001] No clocks defined.
[INFO ORD-0030] Using 4 thread(s).
######################
# Do fill
######################
set removed_obs 0
foreach obstruction [[ord::get_db_block] getObstructions] {
  odb::dbObstruction_destroy $obstruction
  incr removed_obs
}
utl::info FLW 1 "Deleted $removed_obs routing obstructions"
[INFO FLW-0001] Deleted 0 routing obstructions
if { $openroad_fin_add_fill == "true" && \
     [dict exists $sc_cfg pdk $sc_pdk aprtech openroad $sc_stackup $sc_libtype fill] } {
  set sc_fillrules [lindex [dict get $sc_cfg pdk $sc_pdk aprtech openroad $sc_stackup $sc_libtype fill] 0]
  density_fill -rules $sc_fillrules
}
# estimate for metrics
estimate_parasitics -global_routing
[WARNING GRT-0026] Missing route to pin _524_/B.
[WARNING GRT-0026] Missing route to pin _524_/B.
[WARNING GRT-0026] Missing route to pin _524_/B.
[WARNING GRT-0026] Missing route to pin _549_/B.
[WARNING GRT-0026] Missing route to pin _549_/B.
[WARNING GRT-0026] Missing route to pin _549_/B.
[WARNING GRT-0026] Missing route to pin _480_/B.
[WARNING GRT-0026] Missing route to pin _480_/B.
[WARNING GRT-0026] Missing route to pin _480_/B.
[WARNING GRT-0026] Missing route to pin _563_/B.
[WARNING GRT-0026] Missing route to pin _478_/B.
[WARNING GRT-0026] Missing route to pin _563_/B.
[WARNING GRT-0026] Missing route to pin _478_/B.
[WARNING GRT-0026] Missing route to pin _563_/B.
[WARNING GRT-0026] Missing route to pin _478_/B.
[WARNING GRT-0026] Missing route to pin _453_/B.
[WARNING GRT-0026] Missing route to pin _453_/B.
[WARNING GRT-0026] Missing route to pin _453_/B.
[WARNING GRT-0026] Missing route to pin _749_/A2.
[WARNING GRT-0026] Missing route to pin _589_/B.
[WARNING GRT-0026] Missing route to pin _749_/A2.
[WARNING GRT-0026] Missing route to pin _589_/B.
[WARNING GRT-0026] Missing route to pin _749_/A2.
[WARNING GRT-0026] Missing route to pin _589_/B.
[WARNING GRT-0026] Missing route to pin _585_/B.
[WARNING GRT-0026] Missing route to pin _585_/B.
[WARNING GRT-0026] Missing route to pin _585_/B.
[WARNING GRT-0026] Missing route to pin _754_/B.
[WARNING GRT-0026] Missing route to pin _444_/B.
[WARNING GRT-0026] Missing route to pin _754_/B.
[WARNING GRT-0026] Missing route to pin _444_/B.
[WARNING GRT-0026] Missing route to pin _754_/B.
[WARNING GRT-0026] Missing route to pin _444_/B.
[WARNING GRT-0026] Missing route to pin _443_/B.
[WARNING GRT-0026] Missing route to pin _441_/B.
[WARNING GRT-0026] Missing route to pin _443_/B.
[WARNING GRT-0026] Missing route to pin _441_/B.
[WARNING GRT-0026] Missing route to pin _443_/B.
[WARNING GRT-0026] Missing route to pin _441_/B.
[WARNING GRT-0026] Missing route to pin _596_/B.
[WARNING GRT-0026] Missing route to pin _596_/B.
[WARNING GRT-0026] Missing route to pin _596_/B.
[WARNING GRT-0026] Missing route to pin _440_/B.
[WARNING GRT-0026] Missing route to pin _440_/B.
[WARNING GRT-0026] Missing route to pin _440_/B.
[WARNING GRT-0026] Missing route to pin _423_/B.
[WARNING GRT-0026] Missing route to pin _423_/B.
[WARNING GRT-0026] Missing route to pin _423_/B.
[WARNING GRT-0026] Missing route to pin _612_/B.
[WARNING GRT-0026] Missing route to pin _612_/B.
[WARNING GRT-0026] Missing route to pin _612_/B.
[WARNING GRT-0026] Missing route to pin _609_/B.
[WARNING GRT-0026] Missing route to pin _609_/B.
[WARNING GRT-0026] Missing route to pin _609_/B.
[WARNING GRT-0026] Missing route to pin _413_/B.
[WARNING GRT-0026] Missing route to pin _413_/B.
[WARNING GRT-0026] Missing route to pin _413_/B.
[WARNING GRT-0026] Missing route to pin _406_/B.
[WARNING GRT-0026] Missing route to pin _406_/B.
[WARNING GRT-0026] Missing route to pin _406_/B.
[WARNING GRT-0026] Missing route to pin _405_/B.
[WARNING GRT-0026] Missing route to pin _405_/B.
[WARNING GRT-0026] Missing route to pin _405_/B.
[WARNING GRT-0026] Missing route to pin _623_/B.
[WARNING GRT-0026] Missing route to pin _403_/B.
[WARNING GRT-0026] Missing route to pin _623_/B.
[WARNING GRT-0026] Missing route to pin _403_/B.
[WARNING GRT-0026] Missing route to pin _623_/B.
[WARNING GRT-0026] Missing route to pin _403_/B.
[WARNING GRT-0026] Missing route to pin _831_/B.
[WARNING GRT-0026] Missing route to pin _831_/B.
[WARNING GRT-0026] Missing route to pin _831_/B.
[WARNING GRT-0026] Missing route to pin _632_/B.
[WARNING GRT-0026] Missing route to pin _397_/B.
[WARNING GRT-0026] Missing route to pin _632_/B.
[WARNING GRT-0026] Missing route to pin _397_/B.
[WARNING GRT-0026] Missing route to pin _632_/B.
[WARNING GRT-0026] Missing route to pin _397_/B.
[WARNING GRT-0026] Missing route to pin _626_/B.
[WARNING GRT-0026] Missing route to pin _626_/B.
[WARNING GRT-0026] Missing route to pin _626_/B.
[WARNING GRT-0026] Missing route to pin _394_/B.
[WARNING GRT-0026] Missing route to pin _394_/B.
[WARNING GRT-0026] Missing route to pin _394_/B.
[WARNING GRT-0026] Missing route to pin _524_/A.
[WARNING GRT-0026] Missing route to pin _524_/A.
[WARNING GRT-0026] Missing route to pin _524_/A.
[WARNING GRT-0026] Missing route to pin _528_/A.
[WARNING GRT-0026] Missing route to pin _528_/A.
[WARNING GRT-0026] Missing route to pin _528_/A.
[WARNING GRT-0026] Missing route to pin _550_/A.
[WARNING GRT-0026] Missing route to pin _550_/A.
[WARNING GRT-0026] Missing route to pin _550_/A.
[WARNING GRT-0026] Missing route to pin _549_/A.
[WARNING GRT-0026] Missing route to pin _549_/A.
[WARNING GRT-0026] Missing route to pin _549_/A.
[WARNING GRT-0026] Missing route to pin _560_/A.
[WARNING GRT-0026] Missing route to pin _560_/A.
[WARNING GRT-0026] Missing route to pin _560_/A.
[WARNING GRT-0026] Missing route to pin _571_/A.
[WARNING GRT-0026] Missing route to pin _571_/A.
[WARNING GRT-0026] Missing route to pin _571_/A.
[WARNING GRT-0026] Missing route to pin _749_/A1.
[WARNING GRT-0026] Missing route to pin _589_/A.
[WARNING GRT-0026] Missing route to pin _749_/A1.
[WARNING GRT-0026] Missing route to pin _589_/A.
[WARNING GRT-0026] Missing route to pin _749_/A1.
[WARNING GRT-0026] Missing route to pin _589_/A.
[WARNING GRT-0026] Missing route to pin _754_/A.
[WARNING GRT-0026] Missing route to pin _444_/A.
[WARNING GRT-0026] Missing route to pin _754_/A.
[WARNING GRT-0026] Missing route to pin _444_/A.
[WARNING GRT-0026] Missing route to pin _754_/A.
[WARNING GRT-0026] Missing route to pin _444_/A.
[WARNING GRT-0026] Missing route to pin _443_/A.
[WARNING GRT-0026] Missing route to pin _441_/A.
[WARNING GRT-0026] Missing route to pin _443_/A.
[WARNING GRT-0026] Missing route to pin _441_/A.
[WARNING GRT-0026] Missing route to pin _443_/A.
[WARNING GRT-0026] Missing route to pin _441_/A.
[WARNING GRT-0026] Missing route to pin _596_/A.
[WARNING GRT-0026] Missing route to pin _596_/A.
[WARNING GRT-0026] Missing route to pin _596_/A.
[WARNING GRT-0026] Missing route to pin _440_/A.
[WARNING GRT-0026] Missing route to pin _440_/A.
[WARNING GRT-0026] Missing route to pin _440_/A.
[WARNING GRT-0026] Missing route to pin _435_/A.
[WARNING GRT-0026] Missing route to pin _435_/A.
[WARNING GRT-0026] Missing route to pin _435_/A.
[WARNING GRT-0026] Missing route to pin _423_/A.
[WARNING GRT-0026] Missing route to pin _423_/A.
[WARNING GRT-0026] Missing route to pin _423_/A.
[WARNING GRT-0026] Missing route to pin _612_/A.
[WARNING GRT-0026] Missing route to pin _612_/A.
[WARNING GRT-0026] Missing route to pin _612_/A.
[WARNING GRT-0026] Missing route to pin _623_/A.
[WARNING GRT-0026] Missing route to pin _623_/A.
[WARNING GRT-0026] Missing route to pin _623_/A.
[WARNING GRT-0026] Missing route to pin _631_/A.
[WARNING GRT-0026] Missing route to pin _631_/A.
[WARNING GRT-0026] Missing route to pin _631_/A.
[WARNING GRT-0026] Missing route to pin _632_/A.
[WARNING GRT-0026] Missing route to pin _630_/A.
[WARNING GRT-0026] Missing route to pin _397_/A.
[WARNING GRT-0026] Missing route to pin _632_/A.
[WARNING GRT-0026] Missing route to pin _630_/A.
[WARNING GRT-0026] Missing route to pin _397_/A.
[WARNING GRT-0026] Missing route to pin _632_/A.
[WARNING GRT-0026] Missing route to pin _630_/A.
[WARNING GRT-0026] Missing route to pin _397_/A.
[WARNING GRT-0026] Missing route to pin _626_/A.
[WARNING GRT-0026] Missing route to pin _626_/A.
[WARNING GRT-0026] Missing route to pin _626_/A.
[WARNING GRT-0026] Missing route to pin _394_/A.
[WARNING GRT-0026] Missing route to pin _394_/A.
[WARNING GRT-0026] Missing route to pin _394_/A.
[WARNING GRT-0026] Missing route to pin _853_/A.
[WARNING GRT-0026] Missing route to pin _853_/A.
[WARNING GRT-0026] Missing route to pin _853_/A.
[WARNING GRT-0026] Missing route to pin _851_/X.
[WARNING GRT-0026] Missing route to pin _851_/X.
[WARNING GRT-0026] Missing route to pin _851_/X.
[WARNING GRT-0026] Missing route to pin _676_/Y.
[WARNING GRT-0026] Missing route to pin _676_/Y.
[WARNING GRT-0026] Missing route to pin _676_/Y.
[WARNING GRT-0026] Missing route to pin _694_/Y.
[WARNING GRT-0026] Missing route to pin _694_/Y.
[WARNING GRT-0026] Missing route to pin _694_/Y.
[WARNING GRT-0026] Missing route to pin _651_/Y.
[WARNING GRT-0026] Missing route to pin _651_/Y.
[WARNING GRT-0026] Missing route to pin _651_/Y.
[WARNING GRT-0026] Missing route to pin _695_/X.
[WARNING GRT-0026] Missing route to pin _695_/X.
[WARNING GRT-0026] Missing route to pin _695_/X.
[WARNING GRT-0026] Missing route to pin _715_/Y.
[WARNING GRT-0026] Missing route to pin _715_/Y.
[WARNING GRT-0026] Missing route to pin _715_/Y.
[WARNING GRT-0026] Missing route to pin _733_/Y.
[WARNING GRT-0026] Missing route to pin _733_/Y.
[WARNING GRT-0026] Missing route to pin _733_/Y.
[WARNING GRT-0026] Missing route to pin _747_/X.
[WARNING GRT-0026] Missing route to pin _747_/X.
[WARNING GRT-0026] Missing route to pin _747_/X.
[WARNING GRT-0026] Missing route to pin _781_/Y.
[WARNING GRT-0026] Missing route to pin _781_/Y.
[WARNING GRT-0026] Missing route to pin _781_/Y.
[WARNING GRT-0026] Missing route to pin _810_/X.
[WARNING GRT-0026] Missing route to pin _810_/X.
[WARNING GRT-0026] Missing route to pin _810_/X.
[WARNING GRT-0026] Missing route to pin _815_/X.
[WARNING GRT-0026] Missing route to pin _815_/X.
[WARNING GRT-0026] Missing route to pin _815_/X.
[WARNING GRT-0026] Missing route to pin _661_/Y.
[WARNING GRT-0026] Missing route to pin _661_/Y.
[WARNING GRT-0026] Missing route to pin _661_/Y.
[WARNING GRT-0026] Missing route to pin _738_/Y.
[WARNING GRT-0026] Missing route to pin _738_/Y.
[WARNING GRT-0026] Missing route to pin _738_/Y.
[WARNING GRT-0026] Missing route to pin _769_/Y.
[WARNING GRT-0026] Missing route to pin _769_/Y.
[WARNING GRT-0026] Missing route to pin _769_/Y.
[WARNING GRT-0026] Missing route to pin _847_/A.
[WARNING GRT-0026] Missing route to pin _394_/X.
[WARNING GRT-0026] Missing route to pin _847_/A.
[WARNING GRT-0026] Missing route to pin _394_/X.
[WARNING GRT-0026] Missing route to pin _847_/A.
[WARNING GRT-0026] Missing route to pin _394_/X.
[WARNING GRT-0026] Missing route to pin _839_/A.
[WARNING GRT-0026] Missing route to pin _649_/A2.
[WARNING GRT-0026] Missing route to pin _396_/B.
[WARNING GRT-0026] Missing route to pin _839_/A.
[WARNING GRT-0026] Missing route to pin _649_/A2.
[WARNING GRT-0026] Missing route to pin _396_/B.
[WARNING GRT-0026] Missing route to pin _839_/A.
[WARNING GRT-0026] Missing route to pin _649_/A2.
[WARNING GRT-0026] Missing route to pin _396_/B.
[WARNING GRT-0026] Missing route to pin _396_/Y.
[WARNING GRT-0026] Missing route to pin _396_/Y.
[WARNING GRT-0026] Missing route to pin _396_/Y.
[WARNING GRT-0026] Missing route to pin _834_/A.
[WARNING GRT-0026] Missing route to pin _834_/A.
[WARNING GRT-0026] Missing route to pin _834_/A.
[WARNING GRT-0026] Missing route to pin _399_/B.
[WARNING GRT-0026] Missing route to pin _399_/B.
[WARNING GRT-0026] Missing route to pin _399_/B.
[WARNING GRT-0026] Missing route to pin _399_/Y.
[WARNING GRT-0026] Missing route to pin _399_/Y.
[WARNING GRT-0026] Missing route to pin _399_/Y.
[WARNING GRT-0026] Missing route to pin _403_/Y.
[WARNING GRT-0026] Missing route to pin _403_/Y.
[WARNING GRT-0026] Missing route to pin _403_/Y.
[WARNING GRT-0026] Missing route to pin _625_/A1.
[WARNING GRT-0026] Missing route to pin _625_/A1.
[WARNING GRT-0026] Missing route to pin _625_/A1.
[WARNING GRT-0026] Missing route to pin _815_/A.
[WARNING GRT-0026] Missing route to pin _815_/A.
[WARNING GRT-0026] Missing route to pin _815_/A.
[WARNING GRT-0026] Missing route to pin _412_/B.
[WARNING GRT-0026] Missing route to pin _412_/B.
[WARNING GRT-0026] Missing route to pin _412_/B.
[WARNING GRT-0026] Missing route to pin _797_/A.
[WARNING GRT-0026] Missing route to pin _421_/A.
[WARNING GRT-0026] Missing route to pin _797_/A.
[WARNING GRT-0026] Missing route to pin _421_/A.
[WARNING GRT-0026] Missing route to pin _797_/A.
[WARNING GRT-0026] Missing route to pin _421_/A.
[WARNING GRT-0026] Missing route to pin _429_/B1.
[WARNING GRT-0026] Missing route to pin _428_/Y.
[WARNING GRT-0026] Missing route to pin _429_/B1.
[WARNING GRT-0026] Missing route to pin _428_/Y.
[WARNING GRT-0026] Missing route to pin _429_/B1.
[WARNING GRT-0026] Missing route to pin _428_/Y.
[WARNING GRT-0026] Missing route to pin _788_/A1.
[WARNING GRT-0026] Missing route to pin _788_/A1.
[WARNING GRT-0026] Missing route to pin _788_/A1.
[WARNING GRT-0026] Missing route to pin _608_/A.
[WARNING GRT-0026] Missing route to pin _434_/Y.
[WARNING GRT-0026] Missing route to pin _608_/A.
[WARNING GRT-0026] Missing route to pin _434_/Y.
[WARNING GRT-0026] Missing route to pin _608_/A.
[WARNING GRT-0026] Missing route to pin _434_/Y.
[WARNING GRT-0026] Missing route to pin _775_/A1.
[WARNING GRT-0026] Missing route to pin _607_/B.
[WARNING GRT-0026] Missing route to pin _438_/Y.
[WARNING GRT-0026] Missing route to pin _775_/A1.
[WARNING GRT-0026] Missing route to pin _607_/B.
[WARNING GRT-0026] Missing route to pin _438_/Y.
[WARNING GRT-0026] Missing route to pin _775_/A1.
[WARNING GRT-0026] Missing route to pin _607_/B.
[WARNING GRT-0026] Missing route to pin _438_/Y.
[WARNING GRT-0026] Missing route to pin _441_/Y.
[WARNING GRT-0026] Missing route to pin _441_/Y.
[WARNING GRT-0026] Missing route to pin _441_/Y.
[WARNING GRT-0026] Missing route to pin _593_/A2.
[WARNING GRT-0026] Missing route to pin _442_/Y.
[WARNING GRT-0026] Missing route to pin _593_/A2.
[WARNING GRT-0026] Missing route to pin _442_/Y.
[WARNING GRT-0026] Missing route to pin _593_/A2.
[WARNING GRT-0026] Missing route to pin _442_/Y.
[WARNING GRT-0026] Missing route to pin _445_/Y.
[WARNING GRT-0026] Missing route to pin _445_/Y.
[WARNING GRT-0026] Missing route to pin _445_/Y.
[WARNING GRT-0026] Missing route to pin _583_/A.
[WARNING GRT-0026] Missing route to pin _449_/A.
[WARNING GRT-0026] Missing route to pin _583_/A.
[WARNING GRT-0026] Missing route to pin _449_/A.
[WARNING GRT-0026] Missing route to pin _583_/A.
[WARNING GRT-0026] Missing route to pin _449_/A.
[WARNING GRT-0026] Missing route to pin _449_/B.
[WARNING GRT-0026] Missing route to pin _449_/B.
[WARNING GRT-0026] Missing route to pin _449_/B.
[WARNING GRT-0026] Missing route to pin _584_/A1_N.
[WARNING GRT-0026] Missing route to pin _449_/Y.
[WARNING GRT-0026] Missing route to pin _584_/A1_N.
[WARNING GRT-0026] Missing route to pin _449_/Y.
[WARNING GRT-0026] Missing route to pin _584_/A1_N.
[WARNING GRT-0026] Missing route to pin _449_/Y.
[WARNING GRT-0026] Missing route to pin _455_/B.
[WARNING GRT-0026] Missing route to pin _455_/B.
[WARNING GRT-0026] Missing route to pin _455_/B.
[WARNING GRT-0026] Missing route to pin _726_/A.
[WARNING GRT-0026] Missing route to pin _726_/A.
[WARNING GRT-0026] Missing route to pin _726_/A.
[WARNING GRT-0026] Missing route to pin _461_/A1.
[WARNING GRT-0026] Missing route to pin _461_/A1.
[WARNING GRT-0026] Missing route to pin _461_/A1.
[WARNING GRT-0026] Missing route to pin _459_/Y.
[WARNING GRT-0026] Missing route to pin _459_/Y.
[WARNING GRT-0026] Missing route to pin _459_/Y.
[WARNING GRT-0026] Missing route to pin _462_/Y.
[WARNING GRT-0026] Missing route to pin _462_/Y.
[WARNING GRT-0026] Missing route to pin _462_/Y.
[WARNING GRT-0026] Missing route to pin _464_/B1.
[WARNING GRT-0026] Missing route to pin _463_/Y.
[WARNING GRT-0026] Missing route to pin _464_/B1.
[WARNING GRT-0026] Missing route to pin _463_/Y.
[WARNING GRT-0026] Missing route to pin _464_/B1.
[WARNING GRT-0026] Missing route to pin _463_/Y.
[WARNING GRT-0026] Missing route to pin _472_/A1.
[WARNING GRT-0026] Missing route to pin _469_/Y.
[WARNING GRT-0026] Missing route to pin _472_/A1.
[WARNING GRT-0026] Missing route to pin _469_/Y.
[WARNING GRT-0026] Missing route to pin _472_/A1.
[WARNING GRT-0026] Missing route to pin _469_/Y.
[WARNING GRT-0026] Missing route to pin _470_/Y.
[WARNING GRT-0026] Missing route to pin _470_/Y.
[WARNING GRT-0026] Missing route to pin _470_/Y.
[WARNING GRT-0026] Missing route to pin _715_/B.
[WARNING GRT-0026] Missing route to pin _715_/B.
[WARNING GRT-0026] Missing route to pin _715_/B.
[WARNING GRT-0026] Missing route to pin _474_/X.
[WARNING GRT-0026] Missing route to pin _474_/X.
[WARNING GRT-0026] Missing route to pin _474_/X.
[WARNING GRT-0026] Missing route to pin _701_/A.
[WARNING GRT-0026] Missing route to pin _701_/A.
[WARNING GRT-0026] Missing route to pin _701_/A.
[WARNING GRT-0026] Missing route to pin _707_/A.
[WARNING GRT-0026] Missing route to pin _570_/A1.
[WARNING GRT-0026] Missing route to pin _484_/Y.
[WARNING GRT-0026] Missing route to pin _707_/A.
[WARNING GRT-0026] Missing route to pin _570_/A1.
[WARNING GRT-0026] Missing route to pin _484_/Y.
[WARNING GRT-0026] Missing route to pin _707_/A.
[WARNING GRT-0026] Missing route to pin _570_/A1.
[WARNING GRT-0026] Missing route to pin _484_/Y.
[WARNING GRT-0026] Missing route to pin _486_/Y.
[WARNING GRT-0026] Missing route to pin _486_/Y.
[WARNING GRT-0026] Missing route to pin _486_/Y.
[WARNING GRT-0026] Missing route to pin _522_/A1.
[WARNING GRT-0026] Missing route to pin _522_/A1.
[WARNING GRT-0026] Missing route to pin _522_/A1.
[WARNING GRT-0026] Missing route to pin _768_/A.
[WARNING GRT-0026] Missing route to pin _493_/A.
[WARNING GRT-0026] Missing route to pin _489_/X.
[WARNING GRT-0026] Missing route to pin _768_/A.
[WARNING GRT-0026] Missing route to pin _493_/A.
[WARNING GRT-0026] Missing route to pin _489_/X.
[WARNING GRT-0026] Missing route to pin _768_/A.
[WARNING GRT-0026] Missing route to pin _493_/A.
[WARNING GRT-0026] Missing route to pin _489_/X.
[WARNING GRT-0026] Missing route to pin _666_/B.
[WARNING GRT-0026] Missing route to pin _666_/B.
[WARNING GRT-0026] Missing route to pin _666_/B.
[WARNING GRT-0026] Missing route to pin _522_/B1.
[WARNING GRT-0026] Missing route to pin _493_/X.
[WARNING GRT-0026] Missing route to pin _522_/B1.
[WARNING GRT-0026] Missing route to pin _493_/X.
[WARNING GRT-0026] Missing route to pin _522_/B1.
[WARNING GRT-0026] Missing route to pin _493_/X.
[WARNING GRT-0026] Missing route to pin _502_/A2.
[WARNING GRT-0026] Missing route to pin _500_/Y.
[WARNING GRT-0026] Missing route to pin _502_/A2.
[WARNING GRT-0026] Missing route to pin _500_/Y.
[WARNING GRT-0026] Missing route to pin _502_/A2.
[WARNING GRT-0026] Missing route to pin _500_/Y.
[WARNING GRT-0026] Missing route to pin _502_/B1.
[WARNING GRT-0026] Missing route to pin _501_/Y.
[WARNING GRT-0026] Missing route to pin _502_/B1.
[WARNING GRT-0026] Missing route to pin _501_/Y.
[WARNING GRT-0026] Missing route to pin _502_/B1.
[WARNING GRT-0026] Missing route to pin _501_/Y.
[WARNING GRT-0026] Missing route to pin _652_/B1.
[WARNING GRT-0026] Missing route to pin _504_/X.
[WARNING GRT-0026] Missing route to pin _652_/B1.
[WARNING GRT-0026] Missing route to pin _504_/X.
[WARNING GRT-0026] Missing route to pin _652_/B1.
[WARNING GRT-0026] Missing route to pin _504_/X.
[WARNING GRT-0026] Missing route to pin _656_/B.
[WARNING GRT-0026] Missing route to pin _508_/A3.
[WARNING GRT-0026] Missing route to pin _505_/Y.
[WARNING GRT-0026] Missing route to pin _656_/B.
[WARNING GRT-0026] Missing route to pin _508_/A3.
[WARNING GRT-0026] Missing route to pin _505_/Y.
[WARNING GRT-0026] Missing route to pin _656_/B.
[WARNING GRT-0026] Missing route to pin _508_/A3.
[WARNING GRT-0026] Missing route to pin _505_/Y.
[WARNING GRT-0026] Missing route to pin _680_/A.
[WARNING GRT-0026] Missing route to pin _680_/A.
[WARNING GRT-0026] Missing route to pin _680_/A.
[WARNING GRT-0026] Missing route to pin _508_/Y.
[WARNING GRT-0026] Missing route to pin _508_/Y.
[WARNING GRT-0026] Missing route to pin _508_/Y.
[WARNING GRT-0026] Missing route to pin _512_/A3.
[WARNING GRT-0026] Missing route to pin _512_/A3.
[WARNING GRT-0026] Missing route to pin _512_/A3.
[WARNING GRT-0026] Missing route to pin _660_/A.
[WARNING GRT-0026] Missing route to pin _510_/Y.
[WARNING GRT-0026] Missing route to pin _660_/A.
[WARNING GRT-0026] Missing route to pin _510_/Y.
[WARNING GRT-0026] Missing route to pin _660_/A.
[WARNING GRT-0026] Missing route to pin _510_/Y.
[WARNING GRT-0026] Missing route to pin _512_/B1.
[WARNING GRT-0026] Missing route to pin _511_/Y.
[WARNING GRT-0026] Missing route to pin _512_/B1.
[WARNING GRT-0026] Missing route to pin _511_/Y.
[WARNING GRT-0026] Missing route to pin _512_/B1.
[WARNING GRT-0026] Missing route to pin _511_/Y.
[WARNING GRT-0026] Missing route to pin _520_/A2.
[WARNING GRT-0026] Missing route to pin _520_/A2.
[WARNING GRT-0026] Missing route to pin _520_/A2.
[WARNING GRT-0026] Missing route to pin _518_/B.
[WARNING GRT-0026] Missing route to pin _518_/B.
[WARNING GRT-0026] Missing route to pin _518_/B.
[WARNING GRT-0026] Missing route to pin _517_/Y.
[WARNING GRT-0026] Missing route to pin _517_/Y.
[WARNING GRT-0026] Missing route to pin _517_/Y.
[WARNING GRT-0026] Missing route to pin _521_/A2.
[WARNING GRT-0026] Missing route to pin _518_/Y.
[WARNING GRT-0026] Missing route to pin _521_/A2.
[WARNING GRT-0026] Missing route to pin _518_/Y.
[WARNING GRT-0026] Missing route to pin _521_/A2.
[WARNING GRT-0026] Missing route to pin _518_/Y.
[WARNING GRT-0026] Missing route to pin _769_/A.
[WARNING GRT-0026] Missing route to pin _521_/X.
[WARNING GRT-0026] Missing route to pin _769_/A.
[WARNING GRT-0026] Missing route to pin _521_/X.
[WARNING GRT-0026] Missing route to pin _769_/A.
[WARNING GRT-0026] Missing route to pin _521_/X.
[WARNING GRT-0026] Missing route to pin _669_/A2.
[WARNING GRT-0026] Missing route to pin _668_/C.
[WARNING GRT-0026] Missing route to pin _669_/A2.
[WARNING GRT-0026] Missing route to pin _668_/C.
[WARNING GRT-0026] Missing route to pin _669_/A2.
[WARNING GRT-0026] Missing route to pin _668_/C.
[WARNING GRT-0026] Missing route to pin _851_/A.
[WARNING GRT-0026] Missing route to pin _851_/A.
[WARNING GRT-0026] Missing route to pin _851_/A.
[WARNING GRT-0026] Missing route to pin _529_/Y.
[WARNING GRT-0026] Missing route to pin _529_/Y.
[WARNING GRT-0026] Missing route to pin _529_/Y.
[WARNING GRT-0026] Missing route to pin _531_/B_N.
[WARNING GRT-0026] Missing route to pin _530_/Y.
[WARNING GRT-0026] Missing route to pin _531_/B_N.
[WARNING GRT-0026] Missing route to pin _530_/Y.
[WARNING GRT-0026] Missing route to pin _531_/B_N.
[WARNING GRT-0026] Missing route to pin _530_/Y.
[WARNING GRT-0026] Missing route to pin _671_/B.
[WARNING GRT-0026] Missing route to pin _532_/B.
[WARNING GRT-0026] Missing route to pin _671_/B.
[WARNING GRT-0026] Missing route to pin _532_/B.
[WARNING GRT-0026] Missing route to pin _671_/B.
[WARNING GRT-0026] Missing route to pin _532_/B.
[WARNING GRT-0026] Missing route to pin _538_/A.
[WARNING GRT-0026] Missing route to pin _532_/Y.
[WARNING GRT-0026] Missing route to pin _538_/A.
[WARNING GRT-0026] Missing route to pin _532_/Y.
[WARNING GRT-0026] Missing route to pin _538_/A.
[WARNING GRT-0026] Missing route to pin _532_/Y.
[WARNING GRT-0026] Missing route to pin _671_/A.
[WARNING GRT-0026] Missing route to pin _671_/A.
[WARNING GRT-0026] Missing route to pin _671_/A.
[WARNING GRT-0026] Missing route to pin _537_/Y.
[WARNING GRT-0026] Missing route to pin _537_/Y.
[WARNING GRT-0026] Missing route to pin _537_/Y.
[WARNING GRT-0026] Missing route to pin _539_/Y.
[WARNING GRT-0026] Missing route to pin _539_/Y.
[WARNING GRT-0026] Missing route to pin _539_/Y.
[WARNING GRT-0026] Missing route to pin _542_/B1.
[WARNING GRT-0026] Missing route to pin _542_/B1.
[WARNING GRT-0026] Missing route to pin _542_/B1.
[WARNING GRT-0026] Missing route to pin _543_/B1.
[WARNING GRT-0026] Missing route to pin _542_/Y.
[WARNING GRT-0026] Missing route to pin _543_/B1.
[WARNING GRT-0026] Missing route to pin _542_/Y.
[WARNING GRT-0026] Missing route to pin _543_/B1.
[WARNING GRT-0026] Missing route to pin _542_/Y.
[WARNING GRT-0026] Missing route to pin _543_/Y.
[WARNING GRT-0026] Missing route to pin _543_/Y.
[WARNING GRT-0026] Missing route to pin _543_/Y.
[WARNING GRT-0026] Missing route to pin _692_/A1.
[WARNING GRT-0026] Missing route to pin _555_/A1.
[WARNING GRT-0026] Missing route to pin _547_/A_N.
[WARNING GRT-0026] Missing route to pin _545_/Y.
[WARNING GRT-0026] Missing route to pin _692_/A1.
[WARNING GRT-0026] Missing route to pin _555_/A1.
[WARNING GRT-0026] Missing route to pin _547_/A_N.
[WARNING GRT-0026] Missing route to pin _545_/Y.
[WARNING GRT-0026] Missing route to pin _692_/A1.
[WARNING GRT-0026] Missing route to pin _555_/A1.
[WARNING GRT-0026] Missing route to pin _547_/A_N.
[WARNING GRT-0026] Missing route to pin _545_/Y.
[WARNING GRT-0026] Missing route to pin _690_/B.
[WARNING GRT-0026] Missing route to pin _552_/C.
[WARNING GRT-0026] Missing route to pin _690_/B.
[WARNING GRT-0026] Missing route to pin _552_/C.
[WARNING GRT-0026] Missing route to pin _690_/B.
[WARNING GRT-0026] Missing route to pin _552_/C.
[WARNING GRT-0026] Missing route to pin _558_/A2.
[WARNING GRT-0026] Missing route to pin _558_/A2.
[WARNING GRT-0026] Missing route to pin _558_/A2.
[WARNING GRT-0026] Missing route to pin _559_/A2.
[WARNING GRT-0026] Missing route to pin _553_/Y.
[WARNING GRT-0026] Missing route to pin _559_/A2.
[WARNING GRT-0026] Missing route to pin _553_/Y.
[WARNING GRT-0026] Missing route to pin _559_/A2.
[WARNING GRT-0026] Missing route to pin _553_/Y.
[WARNING GRT-0026] Missing route to pin _557_/Y.
[WARNING GRT-0026] Missing route to pin _557_/Y.
[WARNING GRT-0026] Missing route to pin _557_/Y.
[WARNING GRT-0026] Missing route to pin _558_/Y.
[WARNING GRT-0026] Missing route to pin _558_/Y.
[WARNING GRT-0026] Missing route to pin _558_/Y.
[WARNING GRT-0026] Missing route to pin _696_/A.
[WARNING GRT-0026] Missing route to pin _695_/A.
[WARNING GRT-0026] Missing route to pin _696_/A.
[WARNING GRT-0026] Missing route to pin _695_/A.
[WARNING GRT-0026] Missing route to pin _696_/A.
[WARNING GRT-0026] Missing route to pin _695_/A.
[WARNING GRT-0026] Missing route to pin _562_/X.
[WARNING GRT-0026] Missing route to pin _562_/X.
[WARNING GRT-0026] Missing route to pin _562_/X.
[WARNING GRT-0026] Missing route to pin _565_/B1.
[WARNING GRT-0026] Missing route to pin _564_/Y.
[WARNING GRT-0026] Missing route to pin _565_/B1.
[WARNING GRT-0026] Missing route to pin _564_/Y.
[WARNING GRT-0026] Missing route to pin _565_/B1.
[WARNING GRT-0026] Missing route to pin _564_/Y.
[WARNING GRT-0026] Missing route to pin _570_/B1.
[WARNING GRT-0026] Missing route to pin _569_/Y.
[WARNING GRT-0026] Missing route to pin _570_/B1.
[WARNING GRT-0026] Missing route to pin _569_/Y.
[WARNING GRT-0026] Missing route to pin _570_/B1.
[WARNING GRT-0026] Missing route to pin _569_/Y.
[WARNING GRT-0026] Missing route to pin _720_/B.
[WARNING GRT-0026] Missing route to pin _720_/B.
[WARNING GRT-0026] Missing route to pin _720_/B.
[WARNING GRT-0026] Missing route to pin _721_/A.
[WARNING GRT-0026] Missing route to pin _573_/B.
[WARNING GRT-0026] Missing route to pin _571_/X.
[WARNING GRT-0026] Missing route to pin _721_/A.
[WARNING GRT-0026] Missing route to pin _573_/B.
[WARNING GRT-0026] Missing route to pin _571_/X.
[WARNING GRT-0026] Missing route to pin _721_/A.
[WARNING GRT-0026] Missing route to pin _573_/B.
[WARNING GRT-0026] Missing route to pin _571_/X.
[WARNING GRT-0026] Missing route to pin _573_/X.
[WARNING GRT-0026] Missing route to pin _573_/X.
[WARNING GRT-0026] Missing route to pin _573_/X.
[WARNING GRT-0026] Missing route to pin _577_/Y.
[WARNING GRT-0026] Missing route to pin _577_/Y.
[WARNING GRT-0026] Missing route to pin _577_/Y.
[WARNING GRT-0026] Missing route to pin _580_/A2.
[WARNING GRT-0026] Missing route to pin _579_/Y.
[WARNING GRT-0026] Missing route to pin _580_/A2.
[WARNING GRT-0026] Missing route to pin _579_/Y.
[WARNING GRT-0026] Missing route to pin _580_/A2.
[WARNING GRT-0026] Missing route to pin _579_/Y.
[WARNING GRT-0026] Missing route to pin _581_/B1.
[WARNING GRT-0026] Missing route to pin _580_/Y.
[WARNING GRT-0026] Missing route to pin _581_/B1.
[WARNING GRT-0026] Missing route to pin _580_/Y.
[WARNING GRT-0026] Missing route to pin _581_/B1.
[WARNING GRT-0026] Missing route to pin _580_/Y.
[WARNING GRT-0026] Missing route to pin _734_/B.
[WARNING GRT-0026] Missing route to pin _734_/B.
[WARNING GRT-0026] Missing route to pin _734_/B.
[WARNING GRT-0026] Missing route to pin _582_/Y.
[WARNING GRT-0026] Missing route to pin _582_/Y.
[WARNING GRT-0026] Missing route to pin _582_/Y.
[WARNING GRT-0026] Missing route to pin _584_/B2.
[WARNING GRT-0026] Missing route to pin _583_/Y.
[WARNING GRT-0026] Missing route to pin _584_/B2.
[WARNING GRT-0026] Missing route to pin _583_/Y.
[WARNING GRT-0026] Missing route to pin _584_/B2.
[WARNING GRT-0026] Missing route to pin _583_/Y.
[WARNING GRT-0026] Missing route to pin _753_/B.
[WARNING GRT-0026] Missing route to pin _585_/X.
[WARNING GRT-0026] Missing route to pin _753_/B.
[WARNING GRT-0026] Missing route to pin _585_/X.
[WARNING GRT-0026] Missing route to pin _753_/B.
[WARNING GRT-0026] Missing route to pin _585_/X.
[WARNING GRT-0026] Missing route to pin _592_/A2.
[WARNING GRT-0026] Missing route to pin _586_/Y.
[WARNING GRT-0026] Missing route to pin _592_/A2.
[WARNING GRT-0026] Missing route to pin _586_/Y.
[WARNING GRT-0026] Missing route to pin _592_/A2.
[WARNING GRT-0026] Missing route to pin _586_/Y.
[WARNING GRT-0026] Missing route to pin _591_/B1.
[WARNING GRT-0026] Missing route to pin _590_/Y.
[WARNING GRT-0026] Missing route to pin _591_/B1.
[WARNING GRT-0026] Missing route to pin _590_/Y.
[WARNING GRT-0026] Missing route to pin _591_/B1.
[WARNING GRT-0026] Missing route to pin _590_/Y.
[WARNING GRT-0026] Missing route to pin _751_/B.
[WARNING GRT-0026] Missing route to pin _592_/X.
[WARNING GRT-0026] Missing route to pin _751_/B.
[WARNING GRT-0026] Missing route to pin _592_/X.
[WARNING GRT-0026] Missing route to pin _751_/B.
[WARNING GRT-0026] Missing route to pin _592_/X.
[WARNING GRT-0026] Missing route to pin _594_/A.
[WARNING GRT-0026] Missing route to pin _594_/A.
[WARNING GRT-0026] Missing route to pin _594_/A.
[WARNING GRT-0026] Missing route to pin _757_/B.
[WARNING GRT-0026] Missing route to pin _757_/B.
[WARNING GRT-0026] Missing route to pin _757_/B.
[WARNING GRT-0026] Missing route to pin _598_/Y.
[WARNING GRT-0026] Missing route to pin _598_/Y.
[WARNING GRT-0026] Missing route to pin _598_/Y.
[WARNING GRT-0026] Missing route to pin _600_/B1.
[WARNING GRT-0026] Missing route to pin _599_/Y.
[WARNING GRT-0026] Missing route to pin _600_/B1.
[WARNING GRT-0026] Missing route to pin _599_/Y.
[WARNING GRT-0026] Missing route to pin _600_/B1.
[WARNING GRT-0026] Missing route to pin _599_/Y.
[WARNING GRT-0026] Missing route to pin _601_/B1.
[WARNING GRT-0026] Missing route to pin _600_/Y.
[WARNING GRT-0026] Missing route to pin _601_/B1.
[WARNING GRT-0026] Missing route to pin _600_/Y.
[WARNING GRT-0026] Missing route to pin _601_/B1.
[WARNING GRT-0026] Missing route to pin _600_/Y.
[WARNING GRT-0026] Missing route to pin _601_/Y.
[WARNING GRT-0026] Missing route to pin _601_/Y.
[WARNING GRT-0026] Missing route to pin _601_/Y.
[WARNING GRT-0026] Missing route to pin _605_/B1.
[WARNING GRT-0026] Missing route to pin _604_/Y.
[WARNING GRT-0026] Missing route to pin _605_/B1.
[WARNING GRT-0026] Missing route to pin _604_/Y.
[WARNING GRT-0026] Missing route to pin _605_/B1.
[WARNING GRT-0026] Missing route to pin _604_/Y.
[WARNING GRT-0026] Missing route to pin _607_/Y.
[WARNING GRT-0026] Missing route to pin _607_/Y.
[WARNING GRT-0026] Missing route to pin _607_/Y.
[WARNING GRT-0026] Missing route to pin _615_/B.
[WARNING GRT-0026] Missing route to pin _611_/Y.
[WARNING GRT-0026] Missing route to pin _615_/B.
[WARNING GRT-0026] Missing route to pin _611_/Y.
[WARNING GRT-0026] Missing route to pin _615_/B.
[WARNING GRT-0026] Missing route to pin _611_/Y.
[WARNING GRT-0026] Missing route to pin _781_/B.
[WARNING GRT-0026] Missing route to pin _613_/Y.
[WARNING GRT-0026] Missing route to pin _781_/B.
[WARNING GRT-0026] Missing route to pin _613_/Y.
[WARNING GRT-0026] Missing route to pin _781_/B.
[WARNING GRT-0026] Missing route to pin _613_/Y.
[WARNING GRT-0026] Missing route to pin _788_/A2.
[WARNING GRT-0026] Missing route to pin _614_/Y.
[WARNING GRT-0026] Missing route to pin _788_/A2.
[WARNING GRT-0026] Missing route to pin _614_/Y.
[WARNING GRT-0026] Missing route to pin _788_/A2.
[WARNING GRT-0026] Missing route to pin _614_/Y.
[WARNING GRT-0026] Missing route to pin _619_/Y.
[WARNING GRT-0026] Missing route to pin _619_/Y.
[WARNING GRT-0026] Missing route to pin _619_/Y.
[WARNING GRT-0026] Missing route to pin _621_/B1.
[WARNING GRT-0026] Missing route to pin _620_/Y.
[WARNING GRT-0026] Missing route to pin _621_/B1.
[WARNING GRT-0026] Missing route to pin _620_/Y.
[WARNING GRT-0026] Missing route to pin _621_/B1.
[WARNING GRT-0026] Missing route to pin _620_/Y.
[WARNING GRT-0026] Missing route to pin _623_/Y.
[WARNING GRT-0026] Missing route to pin _623_/Y.
[WARNING GRT-0026] Missing route to pin _623_/Y.
[WARNING GRT-0026] Missing route to pin _628_/B2.
[WARNING GRT-0026] Missing route to pin _627_/Y.
[WARNING GRT-0026] Missing route to pin _628_/B2.
[WARNING GRT-0026] Missing route to pin _627_/Y.
[WARNING GRT-0026] Missing route to pin _628_/B2.
[WARNING GRT-0026] Missing route to pin _627_/Y.
[WARNING GRT-0026] Missing route to pin _629_/B1.
[WARNING GRT-0026] Missing route to pin _628_/Y.
[WARNING GRT-0026] Missing route to pin _629_/B1.
[WARNING GRT-0026] Missing route to pin _628_/Y.
[WARNING GRT-0026] Missing route to pin _629_/B1.
[WARNING GRT-0026] Missing route to pin _628_/Y.
[WARNING GRT-0026] Missing route to pin _844_/A2.
[WARNING GRT-0026] Missing route to pin _844_/A2.
[WARNING GRT-0026] Missing route to pin _844_/A2.
[WARNING GRT-0026] Missing route to pin _633_/B1.
[WARNING GRT-0026] Missing route to pin _632_/Y.
[WARNING GRT-0026] Missing route to pin _633_/B1.
[WARNING GRT-0026] Missing route to pin _632_/Y.
[WARNING GRT-0026] Missing route to pin _633_/B1.
[WARNING GRT-0026] Missing route to pin _632_/Y.
[WARNING GRT-0026] Missing route to pin _649_/A3.
[WARNING GRT-0026] Missing route to pin _649_/A3.
[WARNING GRT-0026] Missing route to pin _649_/A3.
[WARNING GRT-0026] Missing route to pin _791_/B.
[WARNING GRT-0026] Missing route to pin _637_/A1.
[WARNING GRT-0026] Missing route to pin _634_/Y.
[WARNING GRT-0026] Missing route to pin _791_/B.
[WARNING GRT-0026] Missing route to pin _637_/A1.
[WARNING GRT-0026] Missing route to pin _634_/Y.
[WARNING GRT-0026] Missing route to pin _791_/B.
[WARNING GRT-0026] Missing route to pin _637_/A1.
[WARNING GRT-0026] Missing route to pin _634_/Y.
[WARNING GRT-0026] Missing route to pin _798_/A2.
[WARNING GRT-0026] Missing route to pin _641_/A1.
[WARNING GRT-0026] Missing route to pin _638_/Y.
[WARNING GRT-0026] Missing route to pin _798_/A2.
[WARNING GRT-0026] Missing route to pin _641_/A1.
[WARNING GRT-0026] Missing route to pin _638_/Y.
[WARNING GRT-0026] Missing route to pin _798_/A2.
[WARNING GRT-0026] Missing route to pin _641_/A1.
[WARNING GRT-0026] Missing route to pin _638_/Y.
[WARNING GRT-0026] Missing route to pin _791_/A.
[WARNING GRT-0026] Missing route to pin _791_/A.
[WARNING GRT-0026] Missing route to pin _791_/A.
[WARNING GRT-0026] Missing route to pin _644_/Y.
[WARNING GRT-0026] Missing route to pin _644_/Y.
[WARNING GRT-0026] Missing route to pin _644_/Y.
[WARNING GRT-0026] Missing route to pin _646_/B1.
[WARNING GRT-0026] Missing route to pin _645_/Y.
[WARNING GRT-0026] Missing route to pin _646_/B1.
[WARNING GRT-0026] Missing route to pin _645_/Y.
[WARNING GRT-0026] Missing route to pin _646_/B1.
[WARNING GRT-0026] Missing route to pin _645_/Y.
[WARNING GRT-0026] Missing route to pin _647_/Y.
[WARNING GRT-0026] Missing route to pin _647_/Y.
[WARNING GRT-0026] Missing route to pin _647_/Y.
[WARNING GRT-0026] Missing route to pin _652_/X.
[WARNING GRT-0026] Missing route to pin _652_/X.
[WARNING GRT-0026] Missing route to pin _652_/X.
[WARNING GRT-0026] Missing route to pin _653_/Y.
[WARNING GRT-0026] Missing route to pin _653_/Y.
[WARNING GRT-0026] Missing route to pin _653_/Y.
[WARNING GRT-0026] Missing route to pin _658_/B.
[WARNING GRT-0026] Missing route to pin _657_/Y.
[WARNING GRT-0026] Missing route to pin _658_/B.
[WARNING GRT-0026] Missing route to pin _657_/Y.
[WARNING GRT-0026] Missing route to pin _658_/B.
[WARNING GRT-0026] Missing route to pin _657_/Y.
[WARNING GRT-0026] Missing route to pin _661_/B.
[WARNING GRT-0026] Missing route to pin _660_/Y.
[WARNING GRT-0026] Missing route to pin _661_/B.
[WARNING GRT-0026] Missing route to pin _660_/Y.
[WARNING GRT-0026] Missing route to pin _661_/B.
[WARNING GRT-0026] Missing route to pin _660_/Y.
[WARNING GRT-0026] Missing route to pin _669_/A1.
[WARNING GRT-0026] Missing route to pin _663_/Y.
[WARNING GRT-0026] Missing route to pin _669_/A1.
[WARNING GRT-0026] Missing route to pin _663_/Y.
[WARNING GRT-0026] Missing route to pin _669_/A1.
[WARNING GRT-0026] Missing route to pin _663_/Y.
[WARNING GRT-0026] Missing route to pin _666_/C.
[WARNING GRT-0026] Missing route to pin _665_/Y.
[WARNING GRT-0026] Missing route to pin _666_/C.
[WARNING GRT-0026] Missing route to pin _665_/Y.
[WARNING GRT-0026] Missing route to pin _666_/C.
[WARNING GRT-0026] Missing route to pin _665_/Y.
[WARNING GRT-0026] Missing route to pin _666_/Y.
[WARNING GRT-0026] Missing route to pin _666_/Y.
[WARNING GRT-0026] Missing route to pin _666_/Y.
[WARNING GRT-0026] Missing route to pin _850_/B.
[WARNING GRT-0026] Missing route to pin _850_/B.
[WARNING GRT-0026] Missing route to pin _850_/B.
[WARNING GRT-0026] Missing route to pin _669_/B2.
[WARNING GRT-0026] Missing route to pin _668_/Y.
[WARNING GRT-0026] Missing route to pin _669_/B2.
[WARNING GRT-0026] Missing route to pin _668_/Y.
[WARNING GRT-0026] Missing route to pin _669_/B2.
[WARNING GRT-0026] Missing route to pin _668_/Y.
[WARNING GRT-0026] Missing route to pin _675_/B1.
[WARNING GRT-0026] Missing route to pin _671_/Y.
[WARNING GRT-0026] Missing route to pin _675_/B1.
[WARNING GRT-0026] Missing route to pin _671_/Y.
[WARNING GRT-0026] Missing route to pin _675_/B1.
[WARNING GRT-0026] Missing route to pin _671_/Y.
[WARNING GRT-0026] Missing route to pin _673_/B1.
[WARNING GRT-0026] Missing route to pin _672_/Y.
[WARNING GRT-0026] Missing route to pin _673_/B1.
[WARNING GRT-0026] Missing route to pin _672_/Y.
[WARNING GRT-0026] Missing route to pin _673_/B1.
[WARNING GRT-0026] Missing route to pin _672_/Y.
[WARNING GRT-0026] Missing route to pin _675_/C1.
[WARNING GRT-0026] Missing route to pin _674_/Y.
[WARNING GRT-0026] Missing route to pin _675_/C1.
[WARNING GRT-0026] Missing route to pin _674_/Y.
[WARNING GRT-0026] Missing route to pin _675_/C1.
[WARNING GRT-0026] Missing route to pin _674_/Y.
[WARNING GRT-0026] Missing route to pin _675_/Y.
[WARNING GRT-0026] Missing route to pin _675_/Y.
[WARNING GRT-0026] Missing route to pin _675_/Y.
[WARNING GRT-0026] Missing route to pin _683_/B.
[WARNING GRT-0026] Missing route to pin _682_/Y.
[WARNING GRT-0026] Missing route to pin _683_/B.
[WARNING GRT-0026] Missing route to pin _682_/Y.
[WARNING GRT-0026] Missing route to pin _683_/B.
[WARNING GRT-0026] Missing route to pin _682_/Y.
[WARNING GRT-0026] Missing route to pin _686_/B.
[WARNING GRT-0026] Missing route to pin _685_/Y.
[WARNING GRT-0026] Missing route to pin _686_/B.
[WARNING GRT-0026] Missing route to pin _685_/Y.
[WARNING GRT-0026] Missing route to pin _686_/B.
[WARNING GRT-0026] Missing route to pin _685_/Y.
[WARNING GRT-0026] Missing route to pin _689_/B.
[WARNING GRT-0026] Missing route to pin _689_/B.
[WARNING GRT-0026] Missing route to pin _689_/B.
[WARNING GRT-0026] Missing route to pin _697_/Y.
[WARNING GRT-0026] Missing route to pin _697_/Y.
[WARNING GRT-0026] Missing route to pin _697_/Y.
[WARNING GRT-0026] Missing route to pin _699_/B.
[WARNING GRT-0026] Missing route to pin _698_/Y.
[WARNING GRT-0026] Missing route to pin _699_/B.
[WARNING GRT-0026] Missing route to pin _698_/Y.
[WARNING GRT-0026] Missing route to pin _699_/B.
[WARNING GRT-0026] Missing route to pin _698_/Y.
[WARNING GRT-0026] Missing route to pin _701_/B.
[WARNING GRT-0026] Missing route to pin _700_/Y.
[WARNING GRT-0026] Missing route to pin _701_/B.
[WARNING GRT-0026] Missing route to pin _700_/Y.
[WARNING GRT-0026] Missing route to pin _701_/B.
[WARNING GRT-0026] Missing route to pin _700_/Y.
[WARNING GRT-0026] Missing route to pin _706_/A.
[WARNING GRT-0026] Missing route to pin _702_/Y.
[WARNING GRT-0026] Missing route to pin _706_/A.
[WARNING GRT-0026] Missing route to pin _702_/Y.
[WARNING GRT-0026] Missing route to pin _706_/A.
[WARNING GRT-0026] Missing route to pin _702_/Y.
[WARNING GRT-0026] Missing route to pin _704_/C.
[WARNING GRT-0026] Missing route to pin _703_/Y.
[WARNING GRT-0026] Missing route to pin _704_/C.
[WARNING GRT-0026] Missing route to pin _703_/Y.
[WARNING GRT-0026] Missing route to pin _704_/C.
[WARNING GRT-0026] Missing route to pin _703_/Y.
[WARNING GRT-0026] Missing route to pin _706_/B.
[WARNING GRT-0026] Missing route to pin _705_/Y.
[WARNING GRT-0026] Missing route to pin _706_/B.
[WARNING GRT-0026] Missing route to pin _705_/Y.
[WARNING GRT-0026] Missing route to pin _706_/B.
[WARNING GRT-0026] Missing route to pin _705_/Y.
[WARNING GRT-0026] Missing route to pin _713_/B.
[WARNING GRT-0026] Missing route to pin _712_/Y.
[WARNING GRT-0026] Missing route to pin _713_/B.
[WARNING GRT-0026] Missing route to pin _712_/Y.
[WARNING GRT-0026] Missing route to pin _713_/B.
[WARNING GRT-0026] Missing route to pin _712_/Y.
[WARNING GRT-0026] Missing route to pin _715_/A.
[WARNING GRT-0026] Missing route to pin _715_/A.
[WARNING GRT-0026] Missing route to pin _715_/A.
[WARNING GRT-0026] Missing route to pin _719_/A.
[WARNING GRT-0026] Missing route to pin _716_/Y.
[WARNING GRT-0026] Missing route to pin _719_/A.
[WARNING GRT-0026] Missing route to pin _716_/Y.
[WARNING GRT-0026] Missing route to pin _719_/A.
[WARNING GRT-0026] Missing route to pin _716_/Y.
[WARNING GRT-0026] Missing route to pin _729_/B.
[WARNING GRT-0026] Missing route to pin _728_/X.
[WARNING GRT-0026] Missing route to pin _729_/B.
[WARNING GRT-0026] Missing route to pin _728_/X.
[WARNING GRT-0026] Missing route to pin _729_/B.
[WARNING GRT-0026] Missing route to pin _728_/X.
[WARNING GRT-0026] Missing route to pin _731_/Y.
[WARNING GRT-0026] Missing route to pin _731_/Y.
[WARNING GRT-0026] Missing route to pin _731_/Y.
[WARNING GRT-0026] Missing route to pin _733_/B.
[WARNING GRT-0026] Missing route to pin _733_/B.
[WARNING GRT-0026] Missing route to pin _733_/B.
[WARNING GRT-0026] Missing route to pin _738_/B.
[WARNING GRT-0026] Missing route to pin _737_/Y.
[WARNING GRT-0026] Missing route to pin _738_/B.
[WARNING GRT-0026] Missing route to pin _737_/Y.
[WARNING GRT-0026] Missing route to pin _738_/B.
[WARNING GRT-0026] Missing route to pin _737_/Y.
[WARNING GRT-0026] Missing route to pin _745_/A1.
[WARNING GRT-0026] Missing route to pin _745_/A1.
[WARNING GRT-0026] Missing route to pin _745_/A1.
[WARNING GRT-0026] Missing route to pin _745_/A2.
[WARNING GRT-0026] Missing route to pin _742_/A2.
[WARNING GRT-0026] Missing route to pin _740_/X.
[WARNING GRT-0026] Missing route to pin _745_/A2.
[WARNING GRT-0026] Missing route to pin _742_/A2.
[WARNING GRT-0026] Missing route to pin _740_/X.
[WARNING GRT-0026] Missing route to pin _745_/A2.
[WARNING GRT-0026] Missing route to pin _742_/A2.
[WARNING GRT-0026] Missing route to pin _740_/X.
[WARNING GRT-0026] Missing route to pin _746_/A.
[WARNING GRT-0026] Missing route to pin _743_/Y.
[WARNING GRT-0026] Missing route to pin _746_/A.
[WARNING GRT-0026] Missing route to pin _743_/Y.
[WARNING GRT-0026] Missing route to pin _746_/A.
[WARNING GRT-0026] Missing route to pin _743_/Y.
[WARNING GRT-0026] Missing route to pin _755_/A1.
[WARNING GRT-0026] Missing route to pin _752_/Y.
[WARNING GRT-0026] Missing route to pin _755_/A1.
[WARNING GRT-0026] Missing route to pin _752_/Y.
[WARNING GRT-0026] Missing route to pin _755_/A1.
[WARNING GRT-0026] Missing route to pin _752_/Y.
[WARNING GRT-0026] Missing route to pin _755_/C1.
[WARNING GRT-0026] Missing route to pin _754_/Y.
[WARNING GRT-0026] Missing route to pin _755_/C1.
[WARNING GRT-0026] Missing route to pin _754_/Y.
[WARNING GRT-0026] Missing route to pin _755_/C1.
[WARNING GRT-0026] Missing route to pin _754_/Y.
[WARNING GRT-0026] Missing route to pin _758_/Y.
[WARNING GRT-0026] Missing route to pin _758_/Y.
[WARNING GRT-0026] Missing route to pin _758_/Y.
[WARNING GRT-0026] Missing route to pin _759_/Y.
[WARNING GRT-0026] Missing route to pin _759_/Y.
[WARNING GRT-0026] Missing route to pin _759_/Y.
[WARNING GRT-0026] Missing route to pin _761_/B.
[WARNING GRT-0026] Missing route to pin _761_/B.
[WARNING GRT-0026] Missing route to pin _761_/B.
[WARNING GRT-0026] Missing route to pin _769_/B.
[WARNING GRT-0026] Missing route to pin _768_/Y.
[WARNING GRT-0026] Missing route to pin _769_/B.
[WARNING GRT-0026] Missing route to pin _768_/Y.
[WARNING GRT-0026] Missing route to pin _769_/B.
[WARNING GRT-0026] Missing route to pin _768_/Y.
[WARNING GRT-0026] Missing route to pin _773_/B1.
[WARNING GRT-0026] Missing route to pin _772_/Y.
[WARNING GRT-0026] Missing route to pin _773_/B1.
[WARNING GRT-0026] Missing route to pin _772_/Y.
[WARNING GRT-0026] Missing route to pin _773_/B1.
[WARNING GRT-0026] Missing route to pin _772_/Y.
[WARNING GRT-0026] Missing route to pin _774_/B.
[WARNING GRT-0026] Missing route to pin _774_/B.
[WARNING GRT-0026] Missing route to pin _774_/B.
[WARNING GRT-0026] Missing route to pin _776_/B.
[WARNING GRT-0026] Missing route to pin _776_/B.
[WARNING GRT-0026] Missing route to pin _776_/B.
[WARNING GRT-0026] Missing route to pin _777_/Y.
[WARNING GRT-0026] Missing route to pin _777_/Y.
[WARNING GRT-0026] Missing route to pin _777_/Y.
[WARNING GRT-0026] Missing route to pin _779_/B2.
[WARNING GRT-0026] Missing route to pin _778_/Y.
[WARNING GRT-0026] Missing route to pin _779_/B2.
[WARNING GRT-0026] Missing route to pin _778_/Y.
[WARNING GRT-0026] Missing route to pin _779_/B2.
[WARNING GRT-0026] Missing route to pin _778_/Y.
[WARNING GRT-0026] Missing route to pin _779_/Y.
[WARNING GRT-0026] Missing route to pin _779_/Y.
[WARNING GRT-0026] Missing route to pin _779_/Y.
[WARNING GRT-0026] Missing route to pin _785_/A2.
[WARNING GRT-0026] Missing route to pin _782_/Y.
[WARNING GRT-0026] Missing route to pin _785_/A2.
[WARNING GRT-0026] Missing route to pin _782_/Y.
[WARNING GRT-0026] Missing route to pin _785_/A2.
[WARNING GRT-0026] Missing route to pin _782_/Y.
[WARNING GRT-0026] Missing route to pin _785_/B1.
[WARNING GRT-0026] Missing route to pin _784_/Y.
[WARNING GRT-0026] Missing route to pin _785_/B1.
[WARNING GRT-0026] Missing route to pin _784_/Y.
[WARNING GRT-0026] Missing route to pin _785_/B1.
[WARNING GRT-0026] Missing route to pin _784_/Y.
[WARNING GRT-0026] Missing route to pin _787_/Y.
[WARNING GRT-0026] Missing route to pin _787_/Y.
[WARNING GRT-0026] Missing route to pin _787_/Y.
[WARNING GRT-0026] Missing route to pin _789_/B1.
[WARNING GRT-0026] Missing route to pin _788_/Y.
[WARNING GRT-0026] Missing route to pin _789_/B1.
[WARNING GRT-0026] Missing route to pin _788_/Y.
[WARNING GRT-0026] Missing route to pin _789_/B1.
[WARNING GRT-0026] Missing route to pin _788_/Y.
[WARNING GRT-0026] Missing route to pin _789_/Y.
[WARNING GRT-0026] Missing route to pin _789_/Y.
[WARNING GRT-0026] Missing route to pin _789_/Y.
[WARNING GRT-0026] Missing route to pin _794_/B.
[WARNING GRT-0026] Missing route to pin _794_/B.
[WARNING GRT-0026] Missing route to pin _794_/B.
[WARNING GRT-0026] Missing route to pin _796_/B.
[WARNING GRT-0026] Missing route to pin _796_/B.
[WARNING GRT-0026] Missing route to pin _796_/B.
[WARNING GRT-0026] Missing route to pin _799_/A2.
[WARNING GRT-0026] Missing route to pin _797_/Y.
[WARNING GRT-0026] Missing route to pin _799_/A2.
[WARNING GRT-0026] Missing route to pin _797_/Y.
[WARNING GRT-0026] Missing route to pin _799_/A2.
[WARNING GRT-0026] Missing route to pin _797_/Y.
[WARNING GRT-0026] Missing route to pin _799_/B1.
[WARNING GRT-0026] Missing route to pin _798_/Y.
[WARNING GRT-0026] Missing route to pin _799_/B1.
[WARNING GRT-0026] Missing route to pin _798_/Y.
[WARNING GRT-0026] Missing route to pin _799_/B1.
[WARNING GRT-0026] Missing route to pin _798_/Y.
[WARNING GRT-0026] Missing route to pin _803_/A.
[WARNING GRT-0026] Missing route to pin _801_/Y.
[WARNING GRT-0026] Missing route to pin _803_/A.
[WARNING GRT-0026] Missing route to pin _801_/Y.
[WARNING GRT-0026] Missing route to pin _803_/A.
[WARNING GRT-0026] Missing route to pin _801_/Y.
[WARNING GRT-0026] Missing route to pin _808_/B.
[WARNING GRT-0026] Missing route to pin _808_/B.
[WARNING GRT-0026] Missing route to pin _808_/B.
[WARNING GRT-0026] Missing route to pin _810_/B.
[WARNING GRT-0026] Missing route to pin _809_/Y.
[WARNING GRT-0026] Missing route to pin _810_/B.
[WARNING GRT-0026] Missing route to pin _809_/Y.
[WARNING GRT-0026] Missing route to pin _810_/B.
[WARNING GRT-0026] Missing route to pin _809_/Y.
[WARNING GRT-0026] Missing route to pin _824_/A2.
[WARNING GRT-0026] message limit reached, this message will no longer print
SC_METRIC: report_checks -path_delay max
No paths found.
SC_METRIC: report_checks -path_delay min
No paths found.
SC_METRIC: unconstrained
Startpoint: B[0] (input port)
Endpoint: S[63] (output port)
Path Group: (none)
Path Type: max
Corner: slow

    Cap   Delay    Time   Description
----------------------------------------------------------------
           0.00    0.00 ^ input external delay
   0.01    0.42    0.42 ^ B[0] (in)
   0.01    0.39    0.80 v _500_/Y (sky130_fd_sc_hd__nor2_1)
   0.02    0.85    1.65 ^ _502_/Y (sky130_fd_sc_hd__o21ai_4)
   0.01    0.54    2.19 v _505_/Y (sky130_fd_sc_hd__a211oi_2)
   0.01    1.07    3.26 ^ _508_/Y (sky130_fd_sc_hd__o311ai_4)
   0.02    0.60    3.85 v _512_/Y (sky130_fd_sc_hd__a31oi_4)
   0.02    1.12    4.98 v _521_/X (sky130_fd_sc_hd__o21ba_2)
   0.02    1.21    6.18 v _522_/X (sky130_fd_sc_hd__o221a_4)
   0.02    1.17    7.35 ^ _527_/Y (sky130_fd_sc_hd__o221ai_4)
   0.02    0.61    7.96 v _543_/Y (sky130_fd_sc_hd__a21oi_4)
   0.03    1.09    9.05 ^ _559_/Y (sky130_fd_sc_hd__o21ai_4)
   0.01    0.68    9.74 v _565_/Y (sky130_fd_sc_hd__a311oi_2)
   0.01    0.82   10.56 ^ _570_/Y (sky130_fd_sc_hd__a21oi_1)
   0.01    0.45   11.01 v _574_/Y (sky130_fd_sc_hd__o211ai_2)
   0.00    0.64   11.65 ^ _731_/Y (sky130_fd_sc_hd__a21oi_1)
   0.01    0.37   12.02 v _739_/Y (sky130_fd_sc_hd__o21ai_1)
   0.01    1.27   13.29 ^ _745_/Y (sky130_fd_sc_hd__a211oi_2)
   0.02    0.67   13.96 v _749_/Y (sky130_fd_sc_hd__o22ai_4)
   0.02    1.14   15.10 ^ _755_/Y (sky130_fd_sc_hd__o221ai_4)
   0.02    0.68   15.78 v _760_/Y (sky130_fd_sc_hd__a31oi_4)
   0.02    1.17   16.96 ^ _765_/Y (sky130_fd_sc_hd__o221ai_4)
   0.02    0.58   17.54 v _773_/Y (sky130_fd_sc_hd__a21oi_4)
   0.02    1.15   18.69 ^ _779_/Y (sky130_fd_sc_hd__o221ai_4)
   0.02    0.58   19.27 v _785_/Y (sky130_fd_sc_hd__a21oi_4)
   0.02    1.37   20.63 ^ _793_/Y (sky130_fd_sc_hd__o31ai_4)
   0.02    0.67   21.30 v _799_/Y (sky130_fd_sc_hd__a21oi_4)
   0.03    1.35   22.66 ^ _807_/Y (sky130_fd_sc_hd__o221ai_4)
   0.01    0.76   23.42 v _841_/Y (sky130_fd_sc_hd__a41oi_2)
   0.03    1.11   24.53 ^ _846_/Y (sky130_fd_sc_hd__o21ai_4)
   0.02    1.20   25.74 ^ _847_/X (sky130_fd_sc_hd__xor2_4)
           0.00   25.74 ^ S[63] (out)
                  25.74   data arrival time
----------------------------------------------------------------
(Path is unconstrained)


SC_METRIC: DRV violators
SC_METRIC: floating nets
SC_METRIC: tns
tns 0.00
SC_METRIC: setupslack
worst slack INF
SC_METRIC: holdslack
worst slack INF
SC_METRIC: power
Power for corner: fast
Group                  Internal  Switching    Leakage      Total
                          Power      Power      Power      Power (Watts)
----------------------------------------------------------------
Sequential             0.00e+00   0.00e+00   0.00e+00   0.00e+00   0.0%
Combinational          1.95e-12   2.45e-12   4.37e-06   4.37e-06 100.0%
Macro                  0.00e+00   0.00e+00   0.00e+00   0.00e+00   0.0%
Pad                    0.00e+00   0.00e+00   0.00e+00   0.00e+00   0.0%
----------------------------------------------------------------
Total                  1.95e-12   2.45e-12   4.37e-06   4.37e-06 100.0%
                           0.0%       0.0%     100.0%
Power for corner: slow
Group                  Internal  Switching    Leakage      Total
                          Power      Power      Power      Power (Watts)
----------------------------------------------------------------
Sequential             0.00e+00   0.00e+00   0.00e+00   0.00e+00   0.0%
Combinational          8.44e-13   1.15e-12   1.07e-09   1.07e-09 100.0%
Macro                  0.00e+00   0.00e+00   0.00e+00   0.00e+00   0.0%
Pad                    0.00e+00   0.00e+00   0.00e+00   0.00e+00   0.0%
----------------------------------------------------------------
Total                  8.44e-13   1.15e-12   1.07e-09   1.07e-09 100.0%
                           0.1%       0.1%      99.8%
Power for corner: typical
Group                  Internal  Switching    Leakage      Total
                          Power      Power      Power      Power (Watts)
----------------------------------------------------------------
Sequential             0.00e+00   0.00e+00   0.00e+00   0.00e+00   0.0%
Combinational          1.54e-12   2.05e-12   1.65e-09   1.65e-09 100.0%
Macro                  0.00e+00   0.00e+00   0.00e+00   0.00e+00   0.0%
Pad                    0.00e+00   0.00e+00   0.00e+00   0.00e+00   0.0%
----------------------------------------------------------------
Total                  1.54e-12   2.05e-12   1.65e-09   1.65e-09 100.0%
                           0.1%       0.1%      99.8%
SC_METRIC: cellarea
Design area 5600 u^2 20% utilization.
