OpenROAD v2.0-7072-g6de104daf 
This program is licensed under the BSD-3 license. See the LICENSE file for details.
Components of this program may be licensed under more restrictive licenses which must be honored.
Reading liberty file for fast: /home/ubuntu/siliconcompiler/third_party/pdks/skywater/skywater130/libs/sky130hd/v0_0_2/lib/sky130_fd_sc_hd__ff_100C_1v95.lib.gz
Reading liberty file for slow: /home/ubuntu/siliconcompiler/third_party/pdks/skywater/skywater130/libs/sky130hd/v0_0_2/lib/sky130_fd_sc_hd__ss_n40C_1v40.lib.gz
Reading liberty file for typical: /home/ubuntu/siliconcompiler/third_party/pdks/skywater/skywater130/libs/sky130hd/v0_0_2/lib/sky130_fd_sc_hd__tt_025C_1v80.lib.gz
Reading ODB: inputs/KoggeStoneAdder.odb
Reading SDC: inputs/KoggeStoneAdder.sdc
[WARNING FLW-0001] No clocks defined.
[INFO ORD-0030] Using 4 thread(s).
# while (not good enough):
  # global placement
  # estimate parasitics
  # logic remapping, buffering 
puts "NOP"
NOP
SC_METRIC: report_checks -path_delay max
No paths found.
SC_METRIC: report_checks -path_delay min
No paths found.
SC_METRIC: unconstrained
Startpoint: A[0] (input port)
Endpoint: S[63] (output port)
Path Group: (none)
Path Type: max
Corner: slow

    Cap   Delay    Time   Description
----------------------------------------------------------------
           0.00    0.00 ^ input external delay
   0.01    0.28    0.28 ^ A[0] (in)
   0.01    0.29    0.57 v _500_/Y (sky130_fd_sc_hd__nor2_1)
   0.01    0.56    1.14 ^ _502_/Y (sky130_fd_sc_hd__o21ai_4)
   0.00    0.37    1.50 v _505_/Y (sky130_fd_sc_hd__a211oi_1)
   0.01    1.01    2.51 ^ _508_/Y (sky130_fd_sc_hd__o311ai_2)
   0.01    0.57    3.08 v _512_/Y (sky130_fd_sc_hd__a31oi_2)
   0.01    0.85    3.92 v _521_/X (sky130_fd_sc_hd__o21ba_1)
   0.01    1.13    5.05 v _522_/X (sky130_fd_sc_hd__o221a_4)
   0.01    0.81    5.86 ^ _527_/Y (sky130_fd_sc_hd__o221ai_4)
   0.01    0.45    6.32 v _543_/Y (sky130_fd_sc_hd__a21oi_2)
   0.01    0.76    7.07 ^ _559_/Y (sky130_fd_sc_hd__o21ai_4)
   0.00    0.43    7.50 v _565_/Y (sky130_fd_sc_hd__a311oi_2)
   0.00    0.61    8.12 ^ _570_/Y (sky130_fd_sc_hd__a21oi_1)
   0.00    0.38    8.50 v _574_/Y (sky130_fd_sc_hd__o211ai_1)
   0.01    0.76    9.26 ^ _731_/Y (sky130_fd_sc_hd__a21oi_1)
   0.01    0.38    9.64 v _739_/Y (sky130_fd_sc_hd__o21ai_2)
   0.01    0.88   10.51 ^ _745_/Y (sky130_fd_sc_hd__a211oi_2)
   0.01    0.52   11.03 v _749_/Y (sky130_fd_sc_hd__o22ai_2)
   0.01    0.78   11.81 ^ _755_/Y (sky130_fd_sc_hd__o221ai_4)
   0.01    0.52   12.34 v _760_/Y (sky130_fd_sc_hd__a31oi_2)
   0.01    0.92   13.26 ^ _765_/Y (sky130_fd_sc_hd__o221ai_4)
   0.01    0.41   13.67 v _773_/Y (sky130_fd_sc_hd__a21oi_4)
   0.01    0.87   14.53 ^ _779_/Y (sky130_fd_sc_hd__o221ai_4)
   0.01    0.40   14.94 v _785_/Y (sky130_fd_sc_hd__a21oi_4)
   0.01    0.88   15.81 ^ _793_/Y (sky130_fd_sc_hd__o31ai_4)
   0.01    0.45   16.27 v _799_/Y (sky130_fd_sc_hd__a21oi_2)
   0.01    0.83   17.09 ^ _807_/Y (sky130_fd_sc_hd__o221ai_4)
   0.00    0.53   17.62 v _841_/Y (sky130_fd_sc_hd__a41oi_1)
   0.01    0.71   18.33 ^ _846_/Y (sky130_fd_sc_hd__o21ai_2)
   0.02    1.87   20.20 ^ _847_/X (sky130_fd_sc_hd__xor2_1)
           0.00   20.20 ^ S[63] (out)
                  20.20   data arrival time
----------------------------------------------------------------
(Path is unconstrained)


SC_METRIC: DRV violators
SC_METRIC: floating nets
SC_METRIC: tns
tns 0.00
SC_METRIC: setupslack
worst slack INF
SC_METRIC: holdslack
worst slack INF
SC_METRIC: power
Power for corner: fast
Group                  Internal  Switching    Leakage      Total
                          Power      Power      Power      Power (Watts)
----------------------------------------------------------------
Sequential             0.00e+00   0.00e+00   0.00e+00   0.00e+00   0.0%
Combinational          8.35e-13   1.60e-12   2.47e-06   2.47e-06 100.0%
Macro                  0.00e+00   0.00e+00   0.00e+00   0.00e+00   0.0%
Pad                    0.00e+00   0.00e+00   0.00e+00   0.00e+00   0.0%
----------------------------------------------------------------
Total                  8.35e-13   1.60e-12   2.47e-06   2.47e-06 100.0%
                           0.0%       0.0%     100.0%
Power for corner: slow
Group                  Internal  Switching    Leakage      Total
                          Power      Power      Power      Power (Watts)
----------------------------------------------------------------
Sequential             0.00e+00   0.00e+00   0.00e+00   0.00e+00   0.0%
Combinational          3.76e-13   7.67e-13   9.96e-11   1.01e-10 100.0%
Macro                  0.00e+00   0.00e+00   0.00e+00   0.00e+00   0.0%
Pad                    0.00e+00   0.00e+00   0.00e+00   0.00e+00   0.0%
----------------------------------------------------------------
Total                  3.76e-13   7.67e-13   9.96e-11   1.01e-10 100.0%
                           0.4%       0.8%      98.9%
Power for corner: typical
Group                  Internal  Switching    Leakage      Total
                          Power      Power      Power      Power (Watts)
----------------------------------------------------------------
Sequential             0.00e+00   0.00e+00   0.00e+00   0.00e+00   0.0%
Combinational          6.92e-13   1.34e-12   1.05e-09   1.05e-09 100.0%
Macro                  0.00e+00   0.00e+00   0.00e+00   0.00e+00   0.0%
Pad                    0.00e+00   0.00e+00   0.00e+00   0.00e+00   0.0%
----------------------------------------------------------------
Total                  6.92e-13   1.34e-12   1.05e-09   1.05e-09 100.0%
                           0.1%       0.1%      99.8%
SC_METRIC: cellarea
Design area 3329 u^2 12% utilization.
